{"C:\\Users\\alant\\OneDrive\\Área de Trabalho\\API-Escola\\src\\server.ts": {"path":"C:\\Users\\alant\\OneDrive\\Área de Trabalho\\API-Escola\\src\\server.ts","statementMap":{"0":{"start":{"line":1,"column":0},"end":{"line":1,"column":24}},"1":{"start":{"line":2,"column":0},"end":{"line":2,"column":28}},"2":{"start":{"line":3,"column":0},"end":{"line":3,"column":74}},"3":{"start":{"line":4,"column":0},"end":{"line":4,"column":24}},"4":{"start":{"line":5,"column":0},"end":{"line":5,"column":50}},"5":{"start":{"line":6,"column":0},"end":{"line":6,"column":31}},"6":{"start":{"line":7,"column":0},"end":{"line":7,"column":40}},"7":{"start":{"line":9,"column":0},"end":{"line":9,"column":16}},"8":{"start":{"line":11,"column":12},"end":{"line":11,"column":21}},"9":{"start":{"line":14,"column":0},"end":{"line":14,"column":16}},"10":{"start":{"line":17,"column":0},"end":{"line":17,"column":16}},"11":{"start":{"line":18,"column":0},"end":{"line":18,"column":59}},"12":{"start":{"line":19,"column":0},"end":{"line":19,"column":24}},"13":{"start":{"line":22,"column":0},"end":{"line":22,"column":19}},"14":{"start":{"line":25,"column":0},"end":{"line":27,"column":3}},"15":{"start":{"line":26,"column":2},"end":{"line":26,"column":62}},"16":{"start":{"line":30,"column":42},"end":{"line":33,"column":1}},"17":{"start":{"line":31,"column":2},"end":{"line":31,"column":21}},"18":{"start":{"line":32,"column":2},"end":{"line":32,"column":66}},"19":{"start":{"line":34,"column":0},"end":{"line":34,"column":22}},"20":{"start":{"line":37,"column":0},"end":{"line":42,"column":1}},"21":{"start":{"line":38,"column":15},"end":{"line":38,"column":39}},"22":{"start":{"line":39,"column":2},"end":{"line":41,"column":5}},"23":{"start":{"line":40,"column":4},"end":{"line":40,"column":53}},"24":{"start":{"line":44,"column":0},"end":{"line":44,"column":19}}},"fnMap":{"0":{"name":"(anonymous_1)","decl":{"start":{"line":25,"column":8},"end":{"line":25,"column":9}},"loc":{"start":{"line":25,"column":40},"end":{"line":27,"column":1}}},"1":{"name":"(anonymous_2)","decl":{"start":{"line":30,"column":42},"end":{"line":30,"column":43}},"loc":{"start":{"line":30,"column":66},"end":{"line":33,"column":1}}},"2":{"name":"(anonymous_3)","decl":{"start":{"line":39,"column":19},"end":{"line":39,"column":22}},"loc":{"start":{"line":39,"column":24},"end":{"line":41,"column":3}}}},"branchMap":{"0":{"loc":{"start":{"line":37,"column":0},"end":{"line":42,"column":1}},"type":"if","locations":[{"start":{"line":37,"column":0},"end":{"line":42,"column":1}}]},"1":{"loc":{"start":{"line":38,"column":15},"end":{"line":38,"column":39}},"type":"binary-expr","locations":[{"start":{"line":38,"column":15},"end":{"line":38,"column":31}},{"start":{"line":38,"column":35},"end":{"line":38,"column":39}}]}},"s":{"0":5,"1":5,"2":5,"3":5,"4":5,"5":5,"6":5,"7":5,"8":5,"9":5,"10":5,"11":5,"12":5,"13":5,"14":5,"15":1,"16":5,"17":0,"18":0,"19":5,"20":5,"21":0,"22":0,"23":0,"24":5},"f":{"0":1,"1":0,"2":0},"b":{"0":[0],"1":[0,0]}}
,"C:\\Users\\alant\\OneDrive\\Área de Trabalho\\API-Escola\\src\\controllers\\AlunoController.ts": {"path":"C:\\Users\\alant\\OneDrive\\Área de Trabalho\\API-Escola\\src\\controllers\\AlunoController.ts","statementMap":{"0":{"start":{"line":2,"column":0},"end":{"line":2,"column":31}},"1":{"start":{"line":3,"column":0},"end":{"line":3,"column":40}},"2":{"start":{"line":5,"column":28},"end":{"line":8,"column":null}},"3":{"start":{"line":5,"column":80},"end":{"line":8,"column":null}},"4":{"start":{"line":6,"column":19},"end":{"line":6,"column":40}},"5":{"start":{"line":7,"column":4},"end":{"line":7,"column":33}},"6":{"start":{"line":5,"column":13},"end":{"line":5,"column":28}},"7":{"start":{"line":10,"column":30},"end":{"line":33,"column":null}},"8":{"start":{"line":10,"column":82},"end":{"line":33,"column":null}},"9":{"start":{"line":11,"column":4},"end":{"line":32,"column":5}},"10":{"start":{"line":12,"column":59},"end":{"line":12,"column":67}},"11":{"start":{"line":26,"column":26},"end":{"line":26,"column":89}},"12":{"start":{"line":28,"column":8},"end":{"line":28,"column":47}},"13":{"start":{"line":30,"column":8},"end":{"line":30,"column":57}},"14":{"start":{"line":31,"column":8},"end":{"line":31,"column":75}},"15":{"start":{"line":10,"column":13},"end":{"line":10,"column":30}},"16":{"start":{"line":35,"column":27},"end":{"line":49,"column":null}},"17":{"start":{"line":35,"column":79},"end":{"line":49,"column":null}},"18":{"start":{"line":36,"column":4},"end":{"line":48,"column":5}},"19":{"start":{"line":37,"column":28},"end":{"line":37,"column":38}},"20":{"start":{"line":39,"column":22},"end":{"line":39,"column":51}},"21":{"start":{"line":40,"column":8},"end":{"line":42,"column":9}},"22":{"start":{"line":41,"column":12},"end":{"line":41,"column":76}},"23":{"start":{"line":44,"column":8},"end":{"line":44,"column":36}},"24":{"start":{"line":46,"column":8},"end":{"line":46,"column":54}},"25":{"start":{"line":47,"column":8},"end":{"line":47,"column":85}},"26":{"start":{"line":35,"column":13},"end":{"line":35,"column":27}},"27":{"start":{"line":51,"column":30},"end":{"line":68,"column":null}},"28":{"start":{"line":51,"column":82},"end":{"line":68,"column":null}},"29":{"start":{"line":52,"column":4},"end":{"line":67,"column":5}},"30":{"start":{"line":53,"column":28},"end":{"line":53,"column":38}},"31":{"start":{"line":54,"column":33},"end":{"line":54,"column":41}},"32":{"start":{"line":56,"column":22},"end":{"line":56,"column":51}},"33":{"start":{"line":57,"column":8},"end":{"line":59,"column":9}},"34":{"start":{"line":58,"column":12},"end":{"line":58,"column":76}},"35":{"start":{"line":61,"column":8},"end":{"line":61,"column":88}},"36":{"start":{"line":63,"column":8},"end":{"line":63,"column":36}},"37":{"start":{"line":65,"column":8},"end":{"line":65,"column":57}},"38":{"start":{"line":66,"column":8},"end":{"line":66,"column":88}},"39":{"start":{"line":51,"column":13},"end":{"line":51,"column":30}},"40":{"start":{"line":70,"column":28},"end":{"line":91,"column":null}},"41":{"start":{"line":70,"column":80},"end":{"line":91,"column":null}},"42":{"start":{"line":71,"column":4},"end":{"line":90,"column":5}},"43":{"start":{"line":72,"column":28},"end":{"line":72,"column":38}},"44":{"start":{"line":74,"column":22},"end":{"line":74,"column":51}},"45":{"start":{"line":75,"column":8},"end":{"line":77,"column":9}},"46":{"start":{"line":76,"column":12},"end":{"line":76,"column":76}},"47":{"start":{"line":84,"column":8},"end":{"line":84,"column":30}},"48":{"start":{"line":86,"column":8},"end":{"line":86,"column":31}},"49":{"start":{"line":88,"column":8},"end":{"line":88,"column":55}},"50":{"start":{"line":89,"column":8},"end":{"line":89,"column":86}},"51":{"start":{"line":70,"column":13},"end":{"line":70,"column":28}},"52":{"start":{"line":93,"column":37},"end":{"line":104,"column":null}},"53":{"start":{"line":93,"column":89},"end":{"line":104,"column":null}},"54":{"start":{"line":94,"column":19},"end":{"line":101,"column":6}},"55":{"start":{"line":103,"column":4},"end":{"line":103,"column":33}},"56":{"start":{"line":93,"column":13},"end":{"line":93,"column":37}},"57":{"start":{"line":106,"column":30},"end":{"line":125,"column":null}},"58":{"start":{"line":106,"column":82},"end":{"line":125,"column":null}},"59":{"start":{"line":107,"column":4},"end":{"line":124,"column":5}},"60":{"start":{"line":108,"column":28},"end":{"line":108,"column":38}},"61":{"start":{"line":110,"column":22},"end":{"line":112,"column":10}},"62":{"start":{"line":114,"column":8},"end":{"line":116,"column":9}},"63":{"start":{"line":115,"column":12},"end":{"line":115,"column":98}},"64":{"start":{"line":118,"column":8},"end":{"line":118,"column":30}},"65":{"start":{"line":120,"column":8},"end":{"line":120,"column":82}},"66":{"start":{"line":122,"column":8},"end":{"line":122,"column":57}},"67":{"start":{"line":123,"column":8},"end":{"line":123,"column":88}},"68":{"start":{"line":106,"column":13},"end":{"line":106,"column":30}},"69":{"start":{"line":127,"column":26},"end":{"line":127,"column":null}},"70":{"start":{"line":127,"column":78},"end":{"line":127,"column":null}},"71":{"start":{"line":127,"column":13},"end":{"line":127,"column":26}}},"fnMap":{"0":{"name":"(anonymous_7)","decl":{"start":{"line":5,"column":28},"end":{"line":5,"column":35}},"loc":{"start":{"line":5,"column":80},"end":{"line":8,"column":null}}},"1":{"name":"(anonymous_8)","decl":{"start":{"line":5,"column":80},"end":{"line":5,"column":null}},"loc":{"start":{"line":5,"column":80},"end":{"line":8,"column":1}}},"2":{"name":"(anonymous_9)","decl":{"start":{"line":10,"column":30},"end":{"line":10,"column":37}},"loc":{"start":{"line":10,"column":82},"end":{"line":33,"column":null}}},"3":{"name":"(anonymous_10)","decl":{"start":{"line":10,"column":82},"end":{"line":10,"column":null}},"loc":{"start":{"line":10,"column":82},"end":{"line":33,"column":1}}},"4":{"name":"(anonymous_11)","decl":{"start":{"line":35,"column":27},"end":{"line":35,"column":34}},"loc":{"start":{"line":35,"column":79},"end":{"line":49,"column":null}}},"5":{"name":"(anonymous_12)","decl":{"start":{"line":35,"column":79},"end":{"line":35,"column":null}},"loc":{"start":{"line":35,"column":79},"end":{"line":49,"column":1}}},"6":{"name":"(anonymous_13)","decl":{"start":{"line":51,"column":30},"end":{"line":51,"column":37}},"loc":{"start":{"line":51,"column":82},"end":{"line":68,"column":null}}},"7":{"name":"(anonymous_14)","decl":{"start":{"line":51,"column":82},"end":{"line":51,"column":null}},"loc":{"start":{"line":51,"column":82},"end":{"line":68,"column":1}}},"8":{"name":"(anonymous_15)","decl":{"start":{"line":70,"column":28},"end":{"line":70,"column":35}},"loc":{"start":{"line":70,"column":80},"end":{"line":91,"column":null}}},"9":{"name":"(anonymous_16)","decl":{"start":{"line":70,"column":80},"end":{"line":70,"column":null}},"loc":{"start":{"line":70,"column":80},"end":{"line":91,"column":1}}},"10":{"name":"(anonymous_17)","decl":{"start":{"line":93,"column":37},"end":{"line":93,"column":44}},"loc":{"start":{"line":93,"column":89},"end":{"line":104,"column":null}}},"11":{"name":"(anonymous_18)","decl":{"start":{"line":93,"column":89},"end":{"line":93,"column":null}},"loc":{"start":{"line":93,"column":89},"end":{"line":104,"column":1}}},"12":{"name":"(anonymous_19)","decl":{"start":{"line":106,"column":30},"end":{"line":106,"column":37}},"loc":{"start":{"line":106,"column":82},"end":{"line":125,"column":null}}},"13":{"name":"(anonymous_20)","decl":{"start":{"line":106,"column":82},"end":{"line":106,"column":null}},"loc":{"start":{"line":106,"column":82},"end":{"line":125,"column":1}}},"14":{"name":"(anonymous_21)","decl":{"start":{"line":127,"column":26},"end":{"line":127,"column":33}},"loc":{"start":{"line":127,"column":78},"end":{"line":127,"column":null}}},"15":{"name":"(anonymous_22)","decl":{"start":{"line":127,"column":78},"end":{"line":127,"column":80}},"loc":{"start":{"line":127,"column":78},"end":{"line":127,"column":81}}}},"branchMap":{"0":{"loc":{"start":{"line":40,"column":8},"end":{"line":42,"column":9}},"type":"if","locations":[{"start":{"line":40,"column":8},"end":{"line":42,"column":9}}]},"1":{"loc":{"start":{"line":57,"column":8},"end":{"line":59,"column":9}},"type":"if","locations":[{"start":{"line":57,"column":8},"end":{"line":59,"column":9}}]},"2":{"loc":{"start":{"line":75,"column":8},"end":{"line":77,"column":9}},"type":"if","locations":[{"start":{"line":75,"column":8},"end":{"line":77,"column":9}}]},"3":{"loc":{"start":{"line":114,"column":8},"end":{"line":116,"column":9}},"type":"if","locations":[{"start":{"line":114,"column":8},"end":{"line":116,"column":9}}]}},"s":{"0":5,"1":5,"2":5,"3":1,"4":1,"5":1,"6":5,"7":5,"8":4,"9":4,"10":4,"11":4,"12":0,"13":4,"14":4,"15":5,"16":5,"17":0,"18":0,"19":0,"20":0,"21":0,"22":0,"23":0,"24":0,"25":0,"26":5,"27":5,"28":1,"29":1,"30":1,"31":1,"32":1,"33":1,"34":1,"35":0,"36":0,"37":0,"38":0,"39":5,"40":5,"41":2,"42":2,"43":2,"44":2,"45":2,"46":2,"47":0,"48":0,"49":0,"50":0,"51":5,"52":5,"53":0,"54":0,"55":0,"56":5,"57":5,"58":1,"59":1,"60":1,"61":1,"62":1,"63":1,"64":0,"65":0,"66":0,"67":0,"68":5,"69":5,"70":0,"71":5},"f":{"0":1,"1":1,"2":4,"3":4,"4":0,"5":0,"6":1,"7":1,"8":2,"9":2,"10":0,"11":0,"12":1,"13":1,"14":0,"15":0},"b":{"0":[0],"1":[1],"2":[2],"3":[1]}}
,"C:\\Users\\alant\\OneDrive\\Área de Trabalho\\API-Escola\\src\\controllers\\AlunoDisciplinaController.ts": {"path":"C:\\Users\\alant\\OneDrive\\Área de Trabalho\\API-Escola\\src\\controllers\\AlunoDisciplinaController.ts","statementMap":{"0":{"start":{"line":3,"column":0},"end":{"line":3,"column":40}},"1":{"start":{"line":4,"column":0},"end":{"line":4,"column":50}},"2":{"start":{"line":8,"column":42},"end":{"line":21,"column":null}},"3":{"start":{"line":8,"column":80},"end":{"line":21,"column":null}},"4":{"start":{"line":9,"column":38},"end":{"line":9,"column":46}},"5":{"start":{"line":11,"column":18},"end":{"line":11,"column":47}},"6":{"start":{"line":12,"column":23},"end":{"line":12,"column":62}},"7":{"start":{"line":14,"column":4},"end":{"line":16,"column":5}},"8":{"start":{"line":15,"column":8},"end":{"line":15,"column":79}},"9":{"start":{"line":18,"column":4},"end":{"line":18,"column":51}},"10":{"start":{"line":20,"column":4},"end":{"line":20,"column":null}},"11":{"start":{"line":8,"column":13},"end":{"line":8,"column":42}},"12":{"start":{"line":22,"column":39},"end":{"line":34,"column":null}},"13":{"start":{"line":22,"column":77},"end":{"line":34,"column":null}},"14":{"start":{"line":23,"column":24},"end":{"line":23,"column":34}},"15":{"start":{"line":25,"column":18},"end":{"line":27,"column":6}},"16":{"start":{"line":29,"column":4},"end":{"line":31,"column":5}},"17":{"start":{"line":30,"column":8},"end":{"line":30,"column":24}},"18":{"start":{"line":33,"column":4},"end":{"line":33,"column":61}},"19":{"start":{"line":22,"column":13},"end":{"line":22,"column":39}}},"fnMap":{"0":{"name":"(anonymous_7)","decl":{"start":{"line":8,"column":42},"end":{"line":8,"column":49}},"loc":{"start":{"line":8,"column":80},"end":{"line":21,"column":null}}},"1":{"name":"(anonymous_8)","decl":{"start":{"line":8,"column":80},"end":{"line":8,"column":null}},"loc":{"start":{"line":8,"column":80},"end":{"line":21,"column":1}}},"2":{"name":"(anonymous_9)","decl":{"start":{"line":22,"column":39},"end":{"line":22,"column":46}},"loc":{"start":{"line":22,"column":77},"end":{"line":34,"column":null}}},"3":{"name":"(anonymous_10)","decl":{"start":{"line":22,"column":77},"end":{"line":22,"column":null}},"loc":{"start":{"line":22,"column":77},"end":{"line":34,"column":1}}}},"branchMap":{"0":{"loc":{"start":{"line":14,"column":4},"end":{"line":16,"column":5}},"type":"if","locations":[{"start":{"line":14,"column":4},"end":{"line":16,"column":5}}]},"1":{"loc":{"start":{"line":14,"column":8},"end":{"line":14,"column":29}},"type":"binary-expr","locations":[{"start":{"line":14,"column":8},"end":{"line":14,"column":14}},{"start":{"line":14,"column":18},"end":{"line":14,"column":29}}]},"2":{"loc":{"start":{"line":29,"column":4},"end":{"line":31,"column":5}},"type":"if","locations":[{"start":{"line":29,"column":4},"end":{"line":31,"column":5}}]}},"s":{"0":5,"1":5,"2":5,"3":0,"4":0,"5":0,"6":0,"7":0,"8":0,"9":0,"10":0,"11":5,"12":5,"13":0,"14":0,"15":0,"16":0,"17":0,"18":0,"19":5},"f":{"0":0,"1":0,"2":0,"3":0},"b":{"0":[0],"1":[0,0],"2":[0]}}
,"C:\\Users\\alant\\OneDrive\\Área de Trabalho\\API-Escola\\src\\controllers\\AlunoTurmaController.ts": {"path":"C:\\Users\\alant\\OneDrive\\Área de Trabalho\\API-Escola\\src\\controllers\\AlunoTurmaController.ts","statementMap":{"0":{"start":{"line":2,"column":0},"end":{"line":2,"column":40}},"1":{"start":{"line":3,"column":0},"end":{"line":3,"column":40}},"2":{"start":{"line":5,"column":36},"end":{"line":17,"column":2}},"3":{"start":{"line":5,"column":88},"end":{"line":17,"column":2}},"4":{"start":{"line":6,"column":35},"end":{"line":6,"column":45}},"5":{"start":{"line":8,"column":18},"end":{"line":8,"column":48}},"6":{"start":{"line":9,"column":18},"end":{"line":9,"column":48}},"7":{"start":{"line":11,"column":4},"end":{"line":13,"column":5}},"8":{"start":{"line":12,"column":8},"end":{"line":12,"column":81}},"9":{"start":{"line":15,"column":4},"end":{"line":15,"column":41}},"10":{"start":{"line":16,"column":4},"end":{"line":16,"column":73}},"11":{"start":{"line":5,"column":13},"end":{"line":5,"column":36}},"12":{"start":{"line":19,"column":35},"end":{"line":35,"column":2}},"13":{"start":{"line":19,"column":88},"end":{"line":35,"column":2}},"14":{"start":{"line":20,"column":25},"end":{"line":20,"column":35}},"15":{"start":{"line":22,"column":18},"end":{"line":28,"column":6}},"16":{"start":{"line":30,"column":4},"end":{"line":32,"column":5}},"17":{"start":{"line":31,"column":8},"end":{"line":31,"column":72}},"18":{"start":{"line":34,"column":4},"end":{"line":34,"column":27}},"19":{"start":{"line":19,"column":13},"end":{"line":19,"column":35}}},"fnMap":{"0":{"name":"(anonymous_7)","decl":{"start":{"line":5,"column":36},"end":{"line":5,"column":43}},"loc":{"start":{"line":5,"column":88},"end":{"line":17,"column":2}}},"1":{"name":"(anonymous_8)","decl":{"start":{"line":5,"column":88},"end":{"line":5,"column":null}},"loc":{"start":{"line":5,"column":88},"end":{"line":17,"column":1}}},"2":{"name":"(anonymous_9)","decl":{"start":{"line":19,"column":35},"end":{"line":19,"column":42}},"loc":{"start":{"line":19,"column":88},"end":{"line":35,"column":2}}},"3":{"name":"(anonymous_10)","decl":{"start":{"line":19,"column":88},"end":{"line":19,"column":null}},"loc":{"start":{"line":19,"column":88},"end":{"line":35,"column":1}}}},"branchMap":{"0":{"loc":{"start":{"line":11,"column":4},"end":{"line":13,"column":5}},"type":"if","locations":[{"start":{"line":11,"column":4},"end":{"line":13,"column":5}}]},"1":{"loc":{"start":{"line":11,"column":8},"end":{"line":11,"column":24}},"type":"binary-expr","locations":[{"start":{"line":11,"column":8},"end":{"line":11,"column":14}},{"start":{"line":11,"column":18},"end":{"line":11,"column":24}}]},"2":{"loc":{"start":{"line":30,"column":4},"end":{"line":32,"column":5}},"type":"if","locations":[{"start":{"line":30,"column":4},"end":{"line":32,"column":5}}]}},"s":{"0":5,"1":5,"2":5,"3":0,"4":0,"5":0,"6":0,"7":0,"8":0,"9":0,"10":0,"11":5,"12":5,"13":0,"14":0,"15":0,"16":0,"17":0,"18":0,"19":5},"f":{"0":0,"1":0,"2":0,"3":0},"b":{"0":[0],"1":[0,0],"2":[0]}}
,"C:\\Users\\alant\\OneDrive\\Área de Trabalho\\API-Escola\\src\\controllers\\CursoController.ts": {"path":"C:\\Users\\alant\\OneDrive\\Área de Trabalho\\API-Escola\\src\\controllers\\CursoController.ts","statementMap":{"0":{"start":{"line":2,"column":0},"end":{"line":2,"column":31}},"1":{"start":{"line":3,"column":0},"end":{"line":3,"column":40}},"2":{"start":{"line":4,"column":0},"end":{"line":4,"column":40}},"3":{"start":{"line":5,"column":0},"end":{"line":5,"column":40}},"4":{"start":{"line":7,"column":28},"end":{"line":10,"column":null}},"5":{"start":{"line":7,"column":83},"end":{"line":10,"column":null}},"6":{"start":{"line":8,"column":19},"end":{"line":8,"column":40}},"7":{"start":{"line":9,"column":4},"end":{"line":9,"column":33}},"8":{"start":{"line":7,"column":13},"end":{"line":7,"column":28}},"9":{"start":{"line":12,"column":30},"end":{"line":30,"column":null}},"10":{"start":{"line":12,"column":84},"end":{"line":30,"column":null}},"11":{"start":{"line":13,"column":4},"end":{"line":29,"column":5}},"12":{"start":{"line":14,"column":36},"end":{"line":14,"column":44}},"13":{"start":{"line":16,"column":31},"end":{"line":16,"column":71}},"14":{"start":{"line":18,"column":8},"end":{"line":20,"column":9}},"15":{"start":{"line":19,"column":12},"end":{"line":19,"column":70}},"16":{"start":{"line":22,"column":26},"end":{"line":22,"column":65}},"17":{"start":{"line":24,"column":8},"end":{"line":24,"column":47}},"18":{"start":{"line":27,"column":8},"end":{"line":27,"column":57}},"19":{"start":{"line":28,"column":8},"end":{"line":28,"column":75}},"20":{"start":{"line":12,"column":13},"end":{"line":12,"column":30}},"21":{"start":{"line":32,"column":27},"end":{"line":46,"column":null}},"22":{"start":{"line":32,"column":82},"end":{"line":46,"column":null}},"23":{"start":{"line":33,"column":4},"end":{"line":45,"column":5}},"24":{"start":{"line":34,"column":28},"end":{"line":34,"column":38}},"25":{"start":{"line":36,"column":22},"end":{"line":36,"column":51}},"26":{"start":{"line":37,"column":8},"end":{"line":39,"column":9}},"27":{"start":{"line":38,"column":12},"end":{"line":38,"column":76}},"28":{"start":{"line":41,"column":8},"end":{"line":41,"column":36}},"29":{"start":{"line":43,"column":8},"end":{"line":43,"column":54}},"30":{"start":{"line":44,"column":8},"end":{"line":44,"column":85}},"31":{"start":{"line":32,"column":13},"end":{"line":32,"column":27}},"32":{"start":{"line":48,"column":30},"end":{"line":65,"column":null}},"33":{"start":{"line":48,"column":85},"end":{"line":65,"column":null}},"34":{"start":{"line":49,"column":4},"end":{"line":64,"column":5}},"35":{"start":{"line":50,"column":28},"end":{"line":50,"column":38}},"36":{"start":{"line":51,"column":33},"end":{"line":51,"column":41}},"37":{"start":{"line":53,"column":22},"end":{"line":53,"column":51}},"38":{"start":{"line":54,"column":8},"end":{"line":56,"column":9}},"39":{"start":{"line":55,"column":12},"end":{"line":55,"column":76}},"40":{"start":{"line":58,"column":8},"end":{"line":58,"column":88}},"41":{"start":{"line":60,"column":8},"end":{"line":60,"column":36}},"42":{"start":{"line":62,"column":8},"end":{"line":62,"column":57}},"43":{"start":{"line":63,"column":8},"end":{"line":63,"column":88}},"44":{"start":{"line":48,"column":13},"end":{"line":48,"column":30}},"45":{"start":{"line":67,"column":28},"end":{"line":89,"column":null}},"46":{"start":{"line":67,"column":83},"end":{"line":89,"column":null}},"47":{"start":{"line":68,"column":4},"end":{"line":88,"column":5}},"48":{"start":{"line":69,"column":28},"end":{"line":69,"column":38}},"49":{"start":{"line":71,"column":22},"end":{"line":71,"column":51}},"50":{"start":{"line":72,"column":8},"end":{"line":74,"column":9}},"51":{"start":{"line":73,"column":12},"end":{"line":73,"column":76}},"52":{"start":{"line":76,"column":27},"end":{"line":76,"column":80}},"53":{"start":{"line":77,"column":27},"end":{"line":77,"column":80}},"54":{"start":{"line":78,"column":8},"end":{"line":80,"column":9}},"55":{"start":{"line":79,"column":12},"end":{"line":79,"column":110}},"56":{"start":{"line":82,"column":8},"end":{"line":82,"column":30}},"57":{"start":{"line":84,"column":8},"end":{"line":84,"column":31}},"58":{"start":{"line":86,"column":8},"end":{"line":86,"column":55}},"59":{"start":{"line":87,"column":8},"end":{"line":87,"column":86}},"60":{"start":{"line":67,"column":13},"end":{"line":67,"column":28}},"61":{"start":{"line":91,"column":37},"end":{"line":102,"column":null}},"62":{"start":{"line":91,"column":92},"end":{"line":102,"column":null}},"63":{"start":{"line":92,"column":19},"end":{"line":99,"column":6}},"64":{"start":{"line":101,"column":4},"end":{"line":101,"column":33}},"65":{"start":{"line":91,"column":13},"end":{"line":91,"column":37}},"66":{"start":{"line":104,"column":30},"end":{"line":123,"column":null}},"67":{"start":{"line":104,"column":85},"end":{"line":123,"column":null}},"68":{"start":{"line":105,"column":4},"end":{"line":122,"column":5}},"69":{"start":{"line":106,"column":28},"end":{"line":106,"column":38}},"70":{"start":{"line":108,"column":22},"end":{"line":110,"column":10}},"71":{"start":{"line":112,"column":8},"end":{"line":114,"column":9}},"72":{"start":{"line":113,"column":12},"end":{"line":113,"column":98}},"73":{"start":{"line":116,"column":8},"end":{"line":116,"column":30}},"74":{"start":{"line":118,"column":8},"end":{"line":118,"column":82}},"75":{"start":{"line":120,"column":8},"end":{"line":120,"column":57}},"76":{"start":{"line":121,"column":8},"end":{"line":121,"column":88}},"77":{"start":{"line":104,"column":13},"end":{"line":104,"column":30}}},"fnMap":{"0":{"name":"(anonymous_7)","decl":{"start":{"line":7,"column":28},"end":{"line":7,"column":35}},"loc":{"start":{"line":7,"column":83},"end":{"line":10,"column":null}}},"1":{"name":"(anonymous_8)","decl":{"start":{"line":7,"column":83},"end":{"line":7,"column":null}},"loc":{"start":{"line":7,"column":83},"end":{"line":10,"column":1}}},"2":{"name":"(anonymous_9)","decl":{"start":{"line":12,"column":30},"end":{"line":12,"column":37}},"loc":{"start":{"line":12,"column":84},"end":{"line":30,"column":null}}},"3":{"name":"(anonymous_10)","decl":{"start":{"line":12,"column":84},"end":{"line":12,"column":null}},"loc":{"start":{"line":12,"column":84},"end":{"line":30,"column":1}}},"4":{"name":"(anonymous_11)","decl":{"start":{"line":32,"column":27},"end":{"line":32,"column":34}},"loc":{"start":{"line":32,"column":82},"end":{"line":46,"column":null}}},"5":{"name":"(anonymous_12)","decl":{"start":{"line":32,"column":82},"end":{"line":32,"column":null}},"loc":{"start":{"line":32,"column":82},"end":{"line":46,"column":1}}},"6":{"name":"(anonymous_13)","decl":{"start":{"line":48,"column":30},"end":{"line":48,"column":37}},"loc":{"start":{"line":48,"column":85},"end":{"line":65,"column":null}}},"7":{"name":"(anonymous_14)","decl":{"start":{"line":48,"column":85},"end":{"line":48,"column":null}},"loc":{"start":{"line":48,"column":85},"end":{"line":65,"column":1}}},"8":{"name":"(anonymous_15)","decl":{"start":{"line":67,"column":28},"end":{"line":67,"column":35}},"loc":{"start":{"line":67,"column":83},"end":{"line":89,"column":null}}},"9":{"name":"(anonymous_16)","decl":{"start":{"line":67,"column":83},"end":{"line":67,"column":null}},"loc":{"start":{"line":67,"column":83},"end":{"line":89,"column":1}}},"10":{"name":"(anonymous_17)","decl":{"start":{"line":91,"column":37},"end":{"line":91,"column":44}},"loc":{"start":{"line":91,"column":92},"end":{"line":102,"column":null}}},"11":{"name":"(anonymous_18)","decl":{"start":{"line":91,"column":92},"end":{"line":91,"column":null}},"loc":{"start":{"line":91,"column":92},"end":{"line":102,"column":1}}},"12":{"name":"(anonymous_19)","decl":{"start":{"line":104,"column":30},"end":{"line":104,"column":37}},"loc":{"start":{"line":104,"column":85},"end":{"line":123,"column":null}}},"13":{"name":"(anonymous_20)","decl":{"start":{"line":104,"column":85},"end":{"line":104,"column":null}},"loc":{"start":{"line":104,"column":85},"end":{"line":123,"column":1}}}},"branchMap":{"0":{"loc":{"start":{"line":18,"column":8},"end":{"line":20,"column":9}},"type":"if","locations":[{"start":{"line":18,"column":8},"end":{"line":20,"column":9}}]},"1":{"loc":{"start":{"line":37,"column":8},"end":{"line":39,"column":9}},"type":"if","locations":[{"start":{"line":37,"column":8},"end":{"line":39,"column":9}}]},"2":{"loc":{"start":{"line":54,"column":8},"end":{"line":56,"column":9}},"type":"if","locations":[{"start":{"line":54,"column":8},"end":{"line":56,"column":9}}]},"3":{"loc":{"start":{"line":72,"column":8},"end":{"line":74,"column":9}},"type":"if","locations":[{"start":{"line":72,"column":8},"end":{"line":74,"column":9}}]},"4":{"loc":{"start":{"line":78,"column":8},"end":{"line":80,"column":9}},"type":"if","locations":[{"start":{"line":78,"column":8},"end":{"line":80,"column":9}}]},"5":{"loc":{"start":{"line":78,"column":12},"end":{"line":78,"column":36}},"type":"binary-expr","locations":[{"start":{"line":78,"column":12},"end":{"line":78,"column":22}},{"start":{"line":78,"column":26},"end":{"line":78,"column":36}}]},"6":{"loc":{"start":{"line":112,"column":8},"end":{"line":114,"column":9}},"type":"if","locations":[{"start":{"line":112,"column":8},"end":{"line":114,"column":9}}]}},"s":{"0":5,"1":5,"2":5,"3":5,"4":5,"5":0,"6":0,"7":0,"8":5,"9":5,"10":0,"11":0,"12":0,"13":0,"14":0,"15":0,"16":0,"17":0,"18":0,"19":0,"20":5,"21":5,"22":0,"23":0,"24":0,"25":0,"26":0,"27":0,"28":0,"29":0,"30":0,"31":5,"32":5,"33":0,"34":0,"35":0,"36":0,"37":0,"38":0,"39":0,"40":0,"41":0,"42":0,"43":0,"44":5,"45":5,"46":0,"47":0,"48":0,"49":0,"50":0,"51":0,"52":0,"53":0,"54":0,"55":0,"56":0,"57":0,"58":0,"59":0,"60":5,"61":5,"62":0,"63":0,"64":0,"65":5,"66":5,"67":0,"68":0,"69":0,"70":0,"71":0,"72":0,"73":0,"74":0,"75":0,"76":0,"77":5},"f":{"0":0,"1":0,"2":0,"3":0,"4":0,"5":0,"6":0,"7":0,"8":0,"9":0,"10":0,"11":0,"12":0,"13":0},"b":{"0":[0],"1":[0],"2":[0],"3":[0],"4":[0],"5":[0,0],"6":[0]}}
,"C:\\Users\\alant\\OneDrive\\Área de Trabalho\\API-Escola\\src\\controllers\\DisciplinaController.ts": {"path":"C:\\Users\\alant\\OneDrive\\Área de Trabalho\\API-Escola\\src\\controllers\\DisciplinaController.ts","statementMap":{"0":{"start":{"line":2,"column":0},"end":{"line":2,"column":50}},"1":{"start":{"line":3,"column":0},"end":{"line":3,"column":31}},"2":{"start":{"line":4,"column":0},"end":{"line":4,"column":60}},"3":{"start":{"line":6,"column":33},"end":{"line":9,"column":null}},"4":{"start":{"line":6,"column":71},"end":{"line":9,"column":null}},"5":{"start":{"line":7,"column":24},"end":{"line":7,"column":50}},"6":{"start":{"line":8,"column":4},"end":{"line":8,"column":38}},"7":{"start":{"line":6,"column":13},"end":{"line":6,"column":33}},"8":{"start":{"line":11,"column":35},"end":{"line":27,"column":null}},"9":{"start":{"line":11,"column":73},"end":{"line":27,"column":null}},"10":{"start":{"line":12,"column":35},"end":{"line":12,"column":43}},"11":{"start":{"line":14,"column":4},"end":{"line":25,"column":5}},"12":{"start":{"line":15,"column":31},"end":{"line":15,"column":76}},"13":{"start":{"line":16,"column":8},"end":{"line":24,"column":9}},"14":{"start":{"line":17,"column":33},"end":{"line":17,"column":80}},"15":{"start":{"line":18,"column":12},"end":{"line":21,"column":15}},"16":{"start":{"line":23,"column":12},"end":{"line":23,"column":77}},"17":{"start":{"line":26,"column":4},"end":{"line":26,"column":71}},"18":{"start":{"line":11,"column":13},"end":{"line":11,"column":35}},"19":{"start":{"line":29,"column":32},"end":{"line":44,"column":null}},"20":{"start":{"line":29,"column":70},"end":{"line":44,"column":null}},"21":{"start":{"line":31,"column":4},"end":{"line":43,"column":5}},"22":{"start":{"line":32,"column":33},"end":{"line":32,"column":43}},"23":{"start":{"line":34,"column":27},"end":{"line":34,"column":66}},"24":{"start":{"line":35,"column":8},"end":{"line":37,"column":9}},"25":{"start":{"line":36,"column":12},"end":{"line":36,"column":73}},"26":{"start":{"line":39,"column":8},"end":{"line":39,"column":41}},"27":{"start":{"line":41,"column":8},"end":{"line":41,"column":48}},"28":{"start":{"line":42,"column":8},"end":{"line":42,"column":65}},"29":{"start":{"line":29,"column":13},"end":{"line":29,"column":32}},"30":{"start":{"line":46,"column":35},"end":{"line":63,"column":null}},"31":{"start":{"line":46,"column":73},"end":{"line":63,"column":null}},"32":{"start":{"line":48,"column":4},"end":{"line":62,"column":5}},"33":{"start":{"line":49,"column":33},"end":{"line":49,"column":43}},"34":{"start":{"line":50,"column":33},"end":{"line":50,"column":41}},"35":{"start":{"line":52,"column":27},"end":{"line":52,"column":66}},"36":{"start":{"line":53,"column":8},"end":{"line":55,"column":9}},"37":{"start":{"line":54,"column":12},"end":{"line":54,"column":73}},"38":{"start":{"line":56,"column":8},"end":{"line":56,"column":92}},"39":{"start":{"line":58,"column":8},"end":{"line":58,"column":41}},"40":{"start":{"line":60,"column":8},"end":{"line":60,"column":48}},"41":{"start":{"line":61,"column":8},"end":{"line":61,"column":65}},"42":{"start":{"line":46,"column":13},"end":{"line":46,"column":35}},"43":{"start":{"line":65,"column":33},"end":{"line":84,"column":null}},"44":{"start":{"line":65,"column":71},"end":{"line":84,"column":null}},"45":{"start":{"line":67,"column":4},"end":{"line":83,"column":5}},"46":{"start":{"line":68,"column":33},"end":{"line":68,"column":43}},"47":{"start":{"line":70,"column":27},"end":{"line":70,"column":66}},"48":{"start":{"line":71,"column":8},"end":{"line":73,"column":9}},"49":{"start":{"line":72,"column":12},"end":{"line":72,"column":73}},"50":{"start":{"line":74,"column":32},"end":{"line":74,"column":100}},"51":{"start":{"line":75,"column":8},"end":{"line":77,"column":9}},"52":{"start":{"line":76,"column":12},"end":{"line":76,"column":40}},"53":{"start":{"line":79,"column":8},"end":{"line":79,"column":99}},"54":{"start":{"line":81,"column":8},"end":{"line":81,"column":48}},"55":{"start":{"line":82,"column":8},"end":{"line":82,"column":65}},"56":{"start":{"line":65,"column":13},"end":{"line":65,"column":33}},"57":{"start":{"line":86,"column":42},"end":{"line":98,"column":null}},"58":{"start":{"line":86,"column":80},"end":{"line":98,"column":null}},"59":{"start":{"line":87,"column":24},"end":{"line":95,"column":8}},"60":{"start":{"line":97,"column":4},"end":{"line":97,"column":38}},"61":{"start":{"line":86,"column":13},"end":{"line":86,"column":42}},"62":{"start":{"line":100,"column":35},"end":{"line":117,"column":null}},"63":{"start":{"line":100,"column":73},"end":{"line":117,"column":null}},"64":{"start":{"line":101,"column":4},"end":{"line":116,"column":5}},"65":{"start":{"line":102,"column":33},"end":{"line":102,"column":43}},"66":{"start":{"line":104,"column":27},"end":{"line":106,"column":10}},"67":{"start":{"line":107,"column":8},"end":{"line":109,"column":9}},"68":{"start":{"line":108,"column":12},"end":{"line":108,"column":73}},"69":{"start":{"line":110,"column":8},"end":{"line":110,"column":36}},"70":{"start":{"line":112,"column":8},"end":{"line":112,"column":41}},"71":{"start":{"line":114,"column":8},"end":{"line":114,"column":48}},"72":{"start":{"line":115,"column":8},"end":{"line":115,"column":65}},"73":{"start":{"line":100,"column":13},"end":{"line":100,"column":35}}},"fnMap":{"0":{"name":"(anonymous_7)","decl":{"start":{"line":6,"column":33},"end":{"line":6,"column":40}},"loc":{"start":{"line":6,"column":71},"end":{"line":9,"column":null}}},"1":{"name":"(anonymous_8)","decl":{"start":{"line":6,"column":71},"end":{"line":6,"column":null}},"loc":{"start":{"line":6,"column":71},"end":{"line":9,"column":1}}},"2":{"name":"(anonymous_9)","decl":{"start":{"line":11,"column":35},"end":{"line":11,"column":42}},"loc":{"start":{"line":11,"column":73},"end":{"line":27,"column":null}}},"3":{"name":"(anonymous_10)","decl":{"start":{"line":11,"column":73},"end":{"line":11,"column":null}},"loc":{"start":{"line":11,"column":73},"end":{"line":27,"column":1}}},"4":{"name":"(anonymous_11)","decl":{"start":{"line":29,"column":32},"end":{"line":29,"column":39}},"loc":{"start":{"line":29,"column":70},"end":{"line":44,"column":null}}},"5":{"name":"(anonymous_12)","decl":{"start":{"line":29,"column":70},"end":{"line":29,"column":null}},"loc":{"start":{"line":29,"column":70},"end":{"line":44,"column":1}}},"6":{"name":"(anonymous_13)","decl":{"start":{"line":46,"column":35},"end":{"line":46,"column":42}},"loc":{"start":{"line":46,"column":73},"end":{"line":63,"column":null}}},"7":{"name":"(anonymous_14)","decl":{"start":{"line":46,"column":73},"end":{"line":46,"column":null}},"loc":{"start":{"line":46,"column":73},"end":{"line":63,"column":1}}},"8":{"name":"(anonymous_15)","decl":{"start":{"line":65,"column":33},"end":{"line":65,"column":40}},"loc":{"start":{"line":65,"column":71},"end":{"line":84,"column":null}}},"9":{"name":"(anonymous_16)","decl":{"start":{"line":65,"column":71},"end":{"line":65,"column":null}},"loc":{"start":{"line":65,"column":71},"end":{"line":84,"column":1}}},"10":{"name":"(anonymous_17)","decl":{"start":{"line":86,"column":42},"end":{"line":86,"column":49}},"loc":{"start":{"line":86,"column":80},"end":{"line":98,"column":null}}},"11":{"name":"(anonymous_18)","decl":{"start":{"line":86,"column":80},"end":{"line":86,"column":null}},"loc":{"start":{"line":86,"column":80},"end":{"line":98,"column":1}}},"12":{"name":"(anonymous_19)","decl":{"start":{"line":100,"column":35},"end":{"line":100,"column":42}},"loc":{"start":{"line":100,"column":73},"end":{"line":117,"column":null}}},"13":{"name":"(anonymous_20)","decl":{"start":{"line":100,"column":73},"end":{"line":100,"column":null}},"loc":{"start":{"line":100,"column":73},"end":{"line":117,"column":1}}}},"branchMap":{"0":{"loc":{"start":{"line":14,"column":4},"end":{"line":25,"column":5}},"type":"if","locations":[{"start":{"line":14,"column":4},"end":{"line":25,"column":5}}]},"1":{"loc":{"start":{"line":16,"column":8},"end":{"line":24,"column":9}},"type":"if","locations":[{"start":{"line":16,"column":8},"end":{"line":24,"column":9}},{"start":{"line":22,"column":14},"end":{"line":24,"column":9}}]},"2":{"loc":{"start":{"line":35,"column":8},"end":{"line":37,"column":9}},"type":"if","locations":[{"start":{"line":35,"column":8},"end":{"line":37,"column":9}}]},"3":{"loc":{"start":{"line":53,"column":8},"end":{"line":55,"column":9}},"type":"if","locations":[{"start":{"line":53,"column":8},"end":{"line":55,"column":9}}]},"4":{"loc":{"start":{"line":56,"column":14},"end":{"line":56,"column":91}},"type":"cond-expr","locations":[{"start":{"line":56,"column":24},"end":{"line":56,"column":26}},{"start":{"line":56,"column":14},"end":{"line":56,"column":91}}]},"5":{"loc":{"start":{"line":56,"column":14},"end":{"line":56,"column":26}},"type":"binary-expr","locations":[{"start":{"line":56,"column":14},"end":{"line":56,"column":26}},{"start":{"line":56,"column":14},"end":{"line":56,"column":26}}]},"6":{"loc":{"start":{"line":71,"column":8},"end":{"line":73,"column":9}},"type":"if","locations":[{"start":{"line":71,"column":8},"end":{"line":73,"column":9}}]},"7":{"loc":{"start":{"line":75,"column":8},"end":{"line":77,"column":9}},"type":"if","locations":[{"start":{"line":75,"column":8},"end":{"line":77,"column":9}}]},"8":{"loc":{"start":{"line":76,"column":18},"end":{"line":76,"column":39}},"type":"cond-expr","locations":[{"start":{"line":76,"column":28},"end":{"line":76,"column":30}},{"start":{"line":76,"column":18},"end":{"line":76,"column":39}}]},"9":{"loc":{"start":{"line":76,"column":18},"end":{"line":76,"column":30}},"type":"binary-expr","locations":[{"start":{"line":76,"column":18},"end":{"line":76,"column":30}},{"start":{"line":76,"column":18},"end":{"line":76,"column":30}}]},"10":{"loc":{"start":{"line":107,"column":8},"end":{"line":109,"column":9}},"type":"if","locations":[{"start":{"line":107,"column":8},"end":{"line":109,"column":9}}]},"11":{"loc":{"start":{"line":110,"column":14},"end":{"line":110,"column":35}},"type":"cond-expr","locations":[{"start":{"line":110,"column":24},"end":{"line":110,"column":26}},{"start":{"line":110,"column":14},"end":{"line":110,"column":35}}]},"12":{"loc":{"start":{"line":110,"column":14},"end":{"line":110,"column":26}},"type":"binary-expr","locations":[{"start":{"line":110,"column":14},"end":{"line":110,"column":26}},{"start":{"line":110,"column":14},"end":{"line":110,"column":26}}]}},"s":{"0":5,"1":5,"2":5,"3":5,"4":0,"5":0,"6":0,"7":5,"8":5,"9":0,"10":0,"11":0,"12":0,"13":0,"14":0,"15":0,"16":0,"17":0,"18":5,"19":5,"20":0,"21":0,"22":0,"23":0,"24":0,"25":0,"26":0,"27":0,"28":0,"29":5,"30":5,"31":0,"32":0,"33":0,"34":0,"35":0,"36":0,"37":0,"38":0,"39":0,"40":0,"41":0,"42":5,"43":5,"44":0,"45":0,"46":0,"47":0,"48":0,"49":0,"50":0,"51":0,"52":0,"53":0,"54":0,"55":0,"56":5,"57":5,"58":0,"59":0,"60":0,"61":5,"62":5,"63":0,"64":0,"65":0,"66":0,"67":0,"68":0,"69":0,"70":0,"71":0,"72":0,"73":5},"f":{"0":0,"1":0,"2":0,"3":0,"4":0,"5":0,"6":0,"7":0,"8":0,"9":0,"10":0,"11":0,"12":0,"13":0},"b":{"0":[0],"1":[0,0],"2":[0],"3":[0],"4":[0,0],"5":[0,0],"6":[0],"7":[0],"8":[0,0],"9":[0,0],"10":[0],"11":[0,0],"12":[0,0]}}
,"C:\\Users\\alant\\OneDrive\\Área de Trabalho\\API-Escola\\src\\controllers\\NotaController.ts": {"path":"C:\\Users\\alant\\OneDrive\\Área de Trabalho\\API-Escola\\src\\controllers\\NotaController.ts","statementMap":{"0":{"start":{"line":2,"column":0},"end":{"line":2,"column":38}},"1":{"start":{"line":3,"column":0},"end":{"line":3,"column":31}},"2":{"start":{"line":5,"column":0},"end":{"line":5,"column":40}},"3":{"start":{"line":7,"column":27},"end":{"line":10,"column":null}},"4":{"start":{"line":7,"column":82},"end":{"line":10,"column":null}},"5":{"start":{"line":8,"column":18},"end":{"line":8,"column":38}},"6":{"start":{"line":9,"column":4},"end":{"line":9,"column":32}},"7":{"start":{"line":7,"column":13},"end":{"line":7,"column":27}},"8":{"start":{"line":12,"column":29},"end":{"line":29,"column":null}},"9":{"start":{"line":12,"column":84},"end":{"line":29,"column":null}},"10":{"start":{"line":13,"column":60},"end":{"line":13,"column":68}},"11":{"start":{"line":15,"column":4},"end":{"line":17,"column":5}},"12":{"start":{"line":16,"column":8},"end":{"line":16,"column":113}},"13":{"start":{"line":19,"column":4},"end":{"line":28,"column":5}},"14":{"start":{"line":20,"column":23},"end":{"line":20,"column":89}},"15":{"start":{"line":21,"column":8},"end":{"line":24,"column":11}},"16":{"start":{"line":26,"column":8},"end":{"line":26,"column":56}},"17":{"start":{"line":27,"column":8},"end":{"line":27,"column":87}},"18":{"start":{"line":12,"column":13},"end":{"line":12,"column":29}},"19":{"start":{"line":31,"column":26},"end":{"line":45,"column":null}},"20":{"start":{"line":31,"column":81},"end":{"line":45,"column":null}},"21":{"start":{"line":32,"column":4},"end":{"line":44,"column":5}},"22":{"start":{"line":33,"column":27},"end":{"line":33,"column":37}},"23":{"start":{"line":35,"column":21},"end":{"line":35,"column":48}},"24":{"start":{"line":36,"column":8},"end":{"line":38,"column":9}},"25":{"start":{"line":37,"column":12},"end":{"line":37,"column":75}},"26":{"start":{"line":40,"column":8},"end":{"line":40,"column":35}},"27":{"start":{"line":42,"column":8},"end":{"line":42,"column":53}},"28":{"start":{"line":43,"column":8},"end":{"line":43,"column":84}},"29":{"start":{"line":31,"column":13},"end":{"line":31,"column":26}},"30":{"start":{"line":47,"column":29},"end":{"line":64,"column":null}},"31":{"start":{"line":47,"column":84},"end":{"line":64,"column":null}},"32":{"start":{"line":48,"column":4},"end":{"line":63,"column":5}},"33":{"start":{"line":49,"column":27},"end":{"line":49,"column":37}},"34":{"start":{"line":50,"column":33},"end":{"line":50,"column":41}},"35":{"start":{"line":52,"column":21},"end":{"line":52,"column":48}},"36":{"start":{"line":53,"column":8},"end":{"line":55,"column":9}},"37":{"start":{"line":54,"column":12},"end":{"line":54,"column":75}},"38":{"start":{"line":57,"column":8},"end":{"line":57,"column":87}},"39":{"start":{"line":59,"column":8},"end":{"line":59,"column":35}},"40":{"start":{"line":61,"column":8},"end":{"line":61,"column":56}},"41":{"start":{"line":62,"column":8},"end":{"line":62,"column":87}},"42":{"start":{"line":47,"column":13},"end":{"line":47,"column":29}},"43":{"start":{"line":66,"column":27},"end":{"line":87,"column":null}},"44":{"start":{"line":66,"column":82},"end":{"line":87,"column":null}},"45":{"start":{"line":67,"column":4},"end":{"line":86,"column":5}},"46":{"start":{"line":68,"column":27},"end":{"line":68,"column":37}},"47":{"start":{"line":70,"column":21},"end":{"line":70,"column":48}},"48":{"start":{"line":71,"column":8},"end":{"line":73,"column":9}},"49":{"start":{"line":72,"column":12},"end":{"line":72,"column":75}},"50":{"start":{"line":75,"column":26},"end":{"line":75,"column":76}},"51":{"start":{"line":76,"column":8},"end":{"line":78,"column":9}},"52":{"start":{"line":77,"column":12},"end":{"line":77,"column":121}},"53":{"start":{"line":80,"column":8},"end":{"line":80,"column":29}},"54":{"start":{"line":82,"column":8},"end":{"line":82,"column":31}},"55":{"start":{"line":84,"column":8},"end":{"line":84,"column":54}},"56":{"start":{"line":85,"column":8},"end":{"line":85,"column":85}},"57":{"start":{"line":66,"column":13},"end":{"line":66,"column":27}},"58":{"start":{"line":89,"column":36},"end":{"line":100,"column":null}},"59":{"start":{"line":89,"column":91},"end":{"line":100,"column":null}},"60":{"start":{"line":90,"column":18},"end":{"line":97,"column":6}},"61":{"start":{"line":99,"column":4},"end":{"line":99,"column":32}},"62":{"start":{"line":89,"column":13},"end":{"line":89,"column":36}},"63":{"start":{"line":102,"column":29},"end":{"line":121,"column":null}},"64":{"start":{"line":102,"column":84},"end":{"line":121,"column":null}},"65":{"start":{"line":103,"column":4},"end":{"line":120,"column":5}},"66":{"start":{"line":104,"column":27},"end":{"line":104,"column":37}},"67":{"start":{"line":106,"column":21},"end":{"line":108,"column":10}},"68":{"start":{"line":110,"column":8},"end":{"line":112,"column":9}},"69":{"start":{"line":111,"column":12},"end":{"line":111,"column":97}},"70":{"start":{"line":114,"column":8},"end":{"line":114,"column":29}},"71":{"start":{"line":116,"column":8},"end":{"line":116,"column":80}},"72":{"start":{"line":118,"column":8},"end":{"line":118,"column":56}},"73":{"start":{"line":119,"column":8},"end":{"line":119,"column":87}},"74":{"start":{"line":102,"column":13},"end":{"line":102,"column":29}}},"fnMap":{"0":{"name":"(anonymous_7)","decl":{"start":{"line":7,"column":27},"end":{"line":7,"column":34}},"loc":{"start":{"line":7,"column":82},"end":{"line":10,"column":null}}},"1":{"name":"(anonymous_8)","decl":{"start":{"line":7,"column":82},"end":{"line":7,"column":null}},"loc":{"start":{"line":7,"column":82},"end":{"line":10,"column":1}}},"2":{"name":"(anonymous_9)","decl":{"start":{"line":12,"column":29},"end":{"line":12,"column":36}},"loc":{"start":{"line":12,"column":84},"end":{"line":29,"column":null}}},"3":{"name":"(anonymous_10)","decl":{"start":{"line":12,"column":84},"end":{"line":12,"column":null}},"loc":{"start":{"line":12,"column":84},"end":{"line":29,"column":1}}},"4":{"name":"(anonymous_11)","decl":{"start":{"line":31,"column":26},"end":{"line":31,"column":33}},"loc":{"start":{"line":31,"column":81},"end":{"line":45,"column":null}}},"5":{"name":"(anonymous_12)","decl":{"start":{"line":31,"column":81},"end":{"line":31,"column":null}},"loc":{"start":{"line":31,"column":81},"end":{"line":45,"column":1}}},"6":{"name":"(anonymous_13)","decl":{"start":{"line":47,"column":29},"end":{"line":47,"column":36}},"loc":{"start":{"line":47,"column":84},"end":{"line":64,"column":null}}},"7":{"name":"(anonymous_14)","decl":{"start":{"line":47,"column":84},"end":{"line":47,"column":null}},"loc":{"start":{"line":47,"column":84},"end":{"line":64,"column":1}}},"8":{"name":"(anonymous_15)","decl":{"start":{"line":66,"column":27},"end":{"line":66,"column":34}},"loc":{"start":{"line":66,"column":82},"end":{"line":87,"column":null}}},"9":{"name":"(anonymous_16)","decl":{"start":{"line":66,"column":82},"end":{"line":66,"column":null}},"loc":{"start":{"line":66,"column":82},"end":{"line":87,"column":1}}},"10":{"name":"(anonymous_17)","decl":{"start":{"line":89,"column":36},"end":{"line":89,"column":43}},"loc":{"start":{"line":89,"column":91},"end":{"line":100,"column":null}}},"11":{"name":"(anonymous_18)","decl":{"start":{"line":89,"column":91},"end":{"line":89,"column":null}},"loc":{"start":{"line":89,"column":91},"end":{"line":100,"column":1}}},"12":{"name":"(anonymous_19)","decl":{"start":{"line":102,"column":29},"end":{"line":102,"column":36}},"loc":{"start":{"line":102,"column":84},"end":{"line":121,"column":null}}},"13":{"name":"(anonymous_20)","decl":{"start":{"line":102,"column":84},"end":{"line":102,"column":null}},"loc":{"start":{"line":102,"column":84},"end":{"line":121,"column":1}}}},"branchMap":{"0":{"loc":{"start":{"line":15,"column":4},"end":{"line":17,"column":5}},"type":"if","locations":[{"start":{"line":15,"column":4},"end":{"line":17,"column":5}}]},"1":{"loc":{"start":{"line":15,"column":8},"end":{"line":15,"column":74}},"type":"binary-expr","locations":[{"start":{"line":15,"column":8},"end":{"line":15,"column":16}},{"start":{"line":15,"column":20},"end":{"line":15,"column":33}},{"start":{"line":15,"column":37},"end":{"line":15,"column":55}},{"start":{"line":15,"column":59},"end":{"line":15,"column":74}}]},"2":{"loc":{"start":{"line":36,"column":8},"end":{"line":38,"column":9}},"type":"if","locations":[{"start":{"line":36,"column":8},"end":{"line":38,"column":9}}]},"3":{"loc":{"start":{"line":53,"column":8},"end":{"line":55,"column":9}},"type":"if","locations":[{"start":{"line":53,"column":8},"end":{"line":55,"column":9}}]},"4":{"loc":{"start":{"line":71,"column":8},"end":{"line":73,"column":9}},"type":"if","locations":[{"start":{"line":71,"column":8},"end":{"line":73,"column":9}}]},"5":{"loc":{"start":{"line":76,"column":8},"end":{"line":78,"column":9}},"type":"if","locations":[{"start":{"line":76,"column":8},"end":{"line":78,"column":9}}]},"6":{"loc":{"start":{"line":110,"column":8},"end":{"line":112,"column":9}},"type":"if","locations":[{"start":{"line":110,"column":8},"end":{"line":112,"column":9}}]}},"s":{"0":5,"1":5,"2":5,"3":5,"4":1,"5":1,"6":0,"7":5,"8":5,"9":5,"10":5,"11":5,"12":0,"13":5,"14":5,"15":0,"16":5,"17":5,"18":5,"19":5,"20":0,"21":0,"22":0,"23":0,"24":0,"25":0,"26":0,"27":0,"28":0,"29":5,"30":5,"31":0,"32":0,"33":0,"34":0,"35":0,"36":0,"37":0,"38":0,"39":0,"40":0,"41":0,"42":5,"43":5,"44":0,"45":0,"46":0,"47":0,"48":0,"49":0,"50":0,"51":0,"52":0,"53":0,"54":0,"55":0,"56":0,"57":5,"58":5,"59":0,"60":0,"61":0,"62":5,"63":5,"64":0,"65":0,"66":0,"67":0,"68":0,"69":0,"70":0,"71":0,"72":0,"73":0,"74":5},"f":{"0":1,"1":1,"2":5,"3":5,"4":0,"5":0,"6":0,"7":0,"8":0,"9":0,"10":0,"11":0,"12":0,"13":0},"b":{"0":[0],"1":[5,5,5,5],"2":[0],"3":[0],"4":[0],"5":[0],"6":[0]}}
,"C:\\Users\\alant\\OneDrive\\Área de Trabalho\\API-Escola\\src\\controllers\\PresencaController.ts": {"path":"C:\\Users\\alant\\OneDrive\\Área de Trabalho\\API-Escola\\src\\controllers\\PresencaController.ts","statementMap":{"0":{"start":{"line":2,"column":0},"end":{"line":2,"column":46}},"1":{"start":{"line":3,"column":0},"end":{"line":3,"column":31}},"2":{"start":{"line":7,"column":31},"end":{"line":10,"column":null}},"3":{"start":{"line":7,"column":86},"end":{"line":10,"column":null}},"4":{"start":{"line":8,"column":22},"end":{"line":8,"column":46}},"5":{"start":{"line":9,"column":4},"end":{"line":9,"column":36}},"6":{"start":{"line":7,"column":13},"end":{"line":7,"column":31}},"7":{"start":{"line":12,"column":33},"end":{"line":29,"column":null}},"8":{"start":{"line":12,"column":88},"end":{"line":29,"column":null}},"9":{"start":{"line":13,"column":54},"end":{"line":13,"column":62}},"10":{"start":{"line":15,"column":4},"end":{"line":17,"column":5}},"11":{"start":{"line":16,"column":8},"end":{"line":16,"column":107}},"12":{"start":{"line":19,"column":4},"end":{"line":28,"column":5}},"13":{"start":{"line":20,"column":27},"end":{"line":20,"column":91}},"14":{"start":{"line":21,"column":8},"end":{"line":24,"column":11}},"15":{"start":{"line":26,"column":8},"end":{"line":26,"column":60}},"16":{"start":{"line":27,"column":8},"end":{"line":27,"column":91}},"17":{"start":{"line":12,"column":13},"end":{"line":12,"column":33}},"18":{"start":{"line":31,"column":30},"end":{"line":45,"column":null}},"19":{"start":{"line":31,"column":85},"end":{"line":45,"column":null}},"20":{"start":{"line":32,"column":4},"end":{"line":44,"column":5}},"21":{"start":{"line":33,"column":31},"end":{"line":33,"column":41}},"22":{"start":{"line":35,"column":25},"end":{"line":35,"column":60}},"23":{"start":{"line":36,"column":8},"end":{"line":38,"column":9}},"24":{"start":{"line":37,"column":12},"end":{"line":37,"column":79}},"25":{"start":{"line":40,"column":8},"end":{"line":40,"column":39}},"26":{"start":{"line":42,"column":8},"end":{"line":42,"column":57}},"27":{"start":{"line":43,"column":8},"end":{"line":43,"column":88}},"28":{"start":{"line":31,"column":13},"end":{"line":31,"column":30}},"29":{"start":{"line":47,"column":33},"end":{"line":64,"column":null}},"30":{"start":{"line":47,"column":88},"end":{"line":64,"column":null}},"31":{"start":{"line":48,"column":4},"end":{"line":63,"column":5}},"32":{"start":{"line":49,"column":31},"end":{"line":49,"column":41}},"33":{"start":{"line":50,"column":33},"end":{"line":50,"column":41}},"34":{"start":{"line":52,"column":25},"end":{"line":52,"column":60}},"35":{"start":{"line":53,"column":8},"end":{"line":55,"column":9}},"36":{"start":{"line":54,"column":12},"end":{"line":54,"column":79}},"37":{"start":{"line":57,"column":8},"end":{"line":57,"column":91}},"38":{"start":{"line":59,"column":8},"end":{"line":59,"column":39}},"39":{"start":{"line":61,"column":8},"end":{"line":61,"column":60}},"40":{"start":{"line":62,"column":8},"end":{"line":62,"column":91}},"41":{"start":{"line":47,"column":13},"end":{"line":47,"column":33}},"42":{"start":{"line":66,"column":31},"end":{"line":82,"column":null}},"43":{"start":{"line":66,"column":86},"end":{"line":82,"column":null}},"44":{"start":{"line":67,"column":4},"end":{"line":81,"column":5}},"45":{"start":{"line":68,"column":31},"end":{"line":68,"column":41}},"46":{"start":{"line":70,"column":25},"end":{"line":70,"column":60}},"47":{"start":{"line":71,"column":8},"end":{"line":73,"column":9}},"48":{"start":{"line":72,"column":12},"end":{"line":72,"column":79}},"49":{"start":{"line":75,"column":8},"end":{"line":75,"column":33}},"50":{"start":{"line":77,"column":8},"end":{"line":77,"column":31}},"51":{"start":{"line":79,"column":8},"end":{"line":79,"column":58}},"52":{"start":{"line":80,"column":8},"end":{"line":80,"column":89}},"53":{"start":{"line":66,"column":13},"end":{"line":66,"column":31}},"54":{"start":{"line":84,"column":40},"end":{"line":95,"column":null}},"55":{"start":{"line":84,"column":95},"end":{"line":95,"column":null}},"56":{"start":{"line":85,"column":22},"end":{"line":92,"column":6}},"57":{"start":{"line":94,"column":4},"end":{"line":94,"column":36}},"58":{"start":{"line":84,"column":13},"end":{"line":84,"column":40}},"59":{"start":{"line":97,"column":33},"end":{"line":116,"column":null}},"60":{"start":{"line":97,"column":88},"end":{"line":116,"column":null}},"61":{"start":{"line":98,"column":4},"end":{"line":115,"column":5}},"62":{"start":{"line":99,"column":31},"end":{"line":99,"column":41}},"63":{"start":{"line":101,"column":25},"end":{"line":103,"column":10}},"64":{"start":{"line":105,"column":8},"end":{"line":107,"column":9}},"65":{"start":{"line":106,"column":12},"end":{"line":106,"column":101}},"66":{"start":{"line":109,"column":8},"end":{"line":109,"column":33}},"67":{"start":{"line":111,"column":8},"end":{"line":111,"column":88}},"68":{"start":{"line":113,"column":8},"end":{"line":113,"column":60}},"69":{"start":{"line":114,"column":8},"end":{"line":114,"column":91}},"70":{"start":{"line":97,"column":13},"end":{"line":97,"column":33}}},"fnMap":{"0":{"name":"(anonymous_7)","decl":{"start":{"line":7,"column":31},"end":{"line":7,"column":38}},"loc":{"start":{"line":7,"column":86},"end":{"line":10,"column":null}}},"1":{"name":"(anonymous_8)","decl":{"start":{"line":7,"column":86},"end":{"line":7,"column":null}},"loc":{"start":{"line":7,"column":86},"end":{"line":10,"column":1}}},"2":{"name":"(anonymous_9)","decl":{"start":{"line":12,"column":33},"end":{"line":12,"column":40}},"loc":{"start":{"line":12,"column":88},"end":{"line":29,"column":null}}},"3":{"name":"(anonymous_10)","decl":{"start":{"line":12,"column":88},"end":{"line":12,"column":null}},"loc":{"start":{"line":12,"column":88},"end":{"line":29,"column":1}}},"4":{"name":"(anonymous_11)","decl":{"start":{"line":31,"column":30},"end":{"line":31,"column":37}},"loc":{"start":{"line":31,"column":85},"end":{"line":45,"column":null}}},"5":{"name":"(anonymous_12)","decl":{"start":{"line":31,"column":85},"end":{"line":31,"column":null}},"loc":{"start":{"line":31,"column":85},"end":{"line":45,"column":1}}},"6":{"name":"(anonymous_13)","decl":{"start":{"line":47,"column":33},"end":{"line":47,"column":40}},"loc":{"start":{"line":47,"column":88},"end":{"line":64,"column":null}}},"7":{"name":"(anonymous_14)","decl":{"start":{"line":47,"column":88},"end":{"line":47,"column":null}},"loc":{"start":{"line":47,"column":88},"end":{"line":64,"column":1}}},"8":{"name":"(anonymous_15)","decl":{"start":{"line":66,"column":31},"end":{"line":66,"column":38}},"loc":{"start":{"line":66,"column":86},"end":{"line":82,"column":null}}},"9":{"name":"(anonymous_16)","decl":{"start":{"line":66,"column":86},"end":{"line":66,"column":null}},"loc":{"start":{"line":66,"column":86},"end":{"line":82,"column":1}}},"10":{"name":"(anonymous_17)","decl":{"start":{"line":84,"column":40},"end":{"line":84,"column":47}},"loc":{"start":{"line":84,"column":95},"end":{"line":95,"column":null}}},"11":{"name":"(anonymous_18)","decl":{"start":{"line":84,"column":95},"end":{"line":84,"column":null}},"loc":{"start":{"line":84,"column":95},"end":{"line":95,"column":1}}},"12":{"name":"(anonymous_19)","decl":{"start":{"line":97,"column":33},"end":{"line":97,"column":40}},"loc":{"start":{"line":97,"column":88},"end":{"line":116,"column":null}}},"13":{"name":"(anonymous_20)","decl":{"start":{"line":97,"column":88},"end":{"line":97,"column":null}},"loc":{"start":{"line":97,"column":88},"end":{"line":116,"column":1}}}},"branchMap":{"0":{"loc":{"start":{"line":15,"column":4},"end":{"line":17,"column":5}},"type":"if","locations":[{"start":{"line":15,"column":4},"end":{"line":17,"column":5}}]},"1":{"loc":{"start":{"line":15,"column":8},"end":{"line":15,"column":68}},"type":"binary-expr","locations":[{"start":{"line":15,"column":8},"end":{"line":15,"column":16}},{"start":{"line":15,"column":20},"end":{"line":15,"column":33}},{"start":{"line":15,"column":37},"end":{"line":15,"column":42}},{"start":{"line":15,"column":46},"end":{"line":15,"column":68}}]},"2":{"loc":{"start":{"line":36,"column":8},"end":{"line":38,"column":9}},"type":"if","locations":[{"start":{"line":36,"column":8},"end":{"line":38,"column":9}}]},"3":{"loc":{"start":{"line":53,"column":8},"end":{"line":55,"column":9}},"type":"if","locations":[{"start":{"line":53,"column":8},"end":{"line":55,"column":9}}]},"4":{"loc":{"start":{"line":71,"column":8},"end":{"line":73,"column":9}},"type":"if","locations":[{"start":{"line":71,"column":8},"end":{"line":73,"column":9}}]},"5":{"loc":{"start":{"line":105,"column":8},"end":{"line":107,"column":9}},"type":"if","locations":[{"start":{"line":105,"column":8},"end":{"line":107,"column":9}}]}},"s":{"0":5,"1":5,"2":5,"3":1,"4":1,"5":0,"6":5,"7":5,"8":5,"9":5,"10":5,"11":0,"12":5,"13":5,"14":0,"15":5,"16":5,"17":5,"18":5,"19":0,"20":0,"21":0,"22":0,"23":0,"24":0,"25":0,"26":0,"27":0,"28":5,"29":5,"30":0,"31":0,"32":0,"33":0,"34":0,"35":0,"36":0,"37":0,"38":0,"39":0,"40":0,"41":5,"42":5,"43":0,"44":0,"45":0,"46":0,"47":0,"48":0,"49":0,"50":0,"51":0,"52":0,"53":5,"54":5,"55":0,"56":0,"57":0,"58":5,"59":5,"60":0,"61":0,"62":0,"63":0,"64":0,"65":0,"66":0,"67":0,"68":0,"69":0,"70":5},"f":{"0":1,"1":1,"2":5,"3":5,"4":0,"5":0,"6":0,"7":0,"8":0,"9":0,"10":0,"11":0,"12":0,"13":0},"b":{"0":[0],"1":[5,5,5,5],"2":[0],"3":[0],"4":[0],"5":[0]}}
,"C:\\Users\\alant\\OneDrive\\Área de Trabalho\\API-Escola\\src\\controllers\\ProfessorController.ts": {"path":"C:\\Users\\alant\\OneDrive\\Área de Trabalho\\API-Escola\\src\\controllers\\ProfessorController.ts","statementMap":{"0":{"start":{"line":2,"column":0},"end":{"line":2,"column":48}},"1":{"start":{"line":3,"column":0},"end":{"line":3,"column":31}},"2":{"start":{"line":4,"column":0},"end":{"line":4,"column":50}},"3":{"start":{"line":5,"column":0},"end":{"line":5,"column":31}},"4":{"start":{"line":7,"column":19},"end":{"line":7,"column":66}},"5":{"start":{"line":9,"column":33},"end":{"line":12,"column":2}},"6":{"start":{"line":9,"column":85},"end":{"line":12,"column":2}},"7":{"start":{"line":10,"column":20},"end":{"line":10,"column":45}},"8":{"start":{"line":11,"column":2},"end":{"line":11,"column":34}},"9":{"start":{"line":9,"column":13},"end":{"line":9,"column":33}},"10":{"start":{"line":14,"column":34},"end":{"line":32,"column":2}},"11":{"start":{"line":14,"column":86},"end":{"line":32,"column":2}},"12":{"start":{"line":15,"column":44},"end":{"line":15,"column":52}},"13":{"start":{"line":17,"column":2},"end":{"line":31,"column":3}},"14":{"start":{"line":18,"column":26},"end":{"line":23,"column":6}},"15":{"start":{"line":24,"column":4},"end":{"line":27,"column":7}},"16":{"start":{"line":29,"column":4},"end":{"line":29,"column":57}},"17":{"start":{"line":30,"column":4},"end":{"line":30,"column":67}},"18":{"start":{"line":14,"column":13},"end":{"line":14,"column":34}},"19":{"start":{"line":35,"column":31},"end":{"line":49,"column":2}},"20":{"start":{"line":35,"column":83},"end":{"line":49,"column":2}},"21":{"start":{"line":36,"column":2},"end":{"line":48,"column":3}},"22":{"start":{"line":37,"column":28},"end":{"line":37,"column":38}},"23":{"start":{"line":39,"column":22},"end":{"line":39,"column":59}},"24":{"start":{"line":40,"column":4},"end":{"line":42,"column":5}},"25":{"start":{"line":41,"column":6},"end":{"line":41,"column":73}},"26":{"start":{"line":44,"column":4},"end":{"line":44,"column":36}},"27":{"start":{"line":46,"column":4},"end":{"line":46,"column":54}},"28":{"start":{"line":47,"column":4},"end":{"line":47,"column":71}},"29":{"start":{"line":35,"column":13},"end":{"line":35,"column":31}},"30":{"start":{"line":52,"column":34},"end":{"line":78,"column":2}},"31":{"start":{"line":52,"column":86},"end":{"line":78,"column":2}},"32":{"start":{"line":53,"column":2},"end":{"line":77,"column":3}},"33":{"start":{"line":54,"column":28},"end":{"line":54,"column":38}},"34":{"start":{"line":55,"column":29},"end":{"line":55,"column":37}},"35":{"start":{"line":57,"column":22},"end":{"line":57,"column":55}},"36":{"start":{"line":58,"column":22},"end":{"line":58,"column":42}},"37":{"start":{"line":60,"column":4},"end":{"line":62,"column":5}},"38":{"start":{"line":61,"column":6},"end":{"line":61,"column":59}},"39":{"start":{"line":64,"column":4},"end":{"line":66,"column":7}},"40":{"start":{"line":68,"column":4},"end":{"line":73,"column":9}},"41":{"start":{"line":75,"column":4},"end":{"line":75,"column":57}},"42":{"start":{"line":76,"column":4},"end":{"line":76,"column":64}},"43":{"start":{"line":52,"column":13},"end":{"line":52,"column":34}},"44":{"start":{"line":80,"column":32},"end":{"line":115,"column":2}},"45":{"start":{"line":80,"column":84},"end":{"line":115,"column":2}},"46":{"start":{"line":81,"column":2},"end":{"line":114,"column":3}},"47":{"start":{"line":82,"column":28},"end":{"line":82,"column":38}},"48":{"start":{"line":84,"column":22},"end":{"line":84,"column":55}},"49":{"start":{"line":85,"column":22},"end":{"line":85,"column":42}},"50":{"start":{"line":87,"column":4},"end":{"line":89,"column":5}},"51":{"start":{"line":88,"column":6},"end":{"line":88,"column":79}},"52":{"start":{"line":91,"column":23},"end":{"line":93,"column":6}},"53":{"start":{"line":95,"column":4},"end":{"line":102,"column":5}},"54":{"start":{"line":96,"column":6},"end":{"line":101,"column":11}},"55":{"start":{"line":104,"column":4},"end":{"line":104,"column":31}},"56":{"start":{"line":105,"column":4},"end":{"line":110,"column":9}},"57":{"start":{"line":112,"column":4},"end":{"line":112,"column":55}},"58":{"start":{"line":113,"column":4},"end":{"line":113,"column":64}},"59":{"start":{"line":80,"column":13},"end":{"line":80,"column":32}},"60":{"start":{"line":117,"column":42},"end":{"line":136,"column":2}},"61":{"start":{"line":120,"column":18},"end":{"line":136,"column":2}},"62":{"start":{"line":121,"column":2},"end":{"line":135,"column":3}},"63":{"start":{"line":122,"column":24},"end":{"line":129,"column":6}},"64":{"start":{"line":131,"column":4},"end":{"line":131,"column":38}},"65":{"start":{"line":133,"column":4},"end":{"line":133,"column":65}},"66":{"start":{"line":134,"column":4},"end":{"line":134,"column":64}},"67":{"start":{"line":117,"column":13},"end":{"line":117,"column":42}},"68":{"start":{"line":138,"column":34},"end":{"line":160,"column":2}},"69":{"start":{"line":138,"column":86},"end":{"line":160,"column":2}},"70":{"start":{"line":139,"column":2},"end":{"line":159,"column":3}},"71":{"start":{"line":140,"column":37},"end":{"line":140,"column":47}},"72":{"start":{"line":142,"column":22},"end":{"line":142,"column":55}},"73":{"start":{"line":143,"column":22},"end":{"line":143,"column":42}},"74":{"start":{"line":145,"column":4},"end":{"line":147,"column":5}},"75":{"start":{"line":146,"column":6},"end":{"line":146,"column":59}},"76":{"start":{"line":149,"column":4},"end":{"line":149,"column":31}},"77":{"start":{"line":150,"column":4},"end":{"line":155,"column":9}},"78":{"start":{"line":157,"column":4},"end":{"line":157,"column":57}},"79":{"start":{"line":158,"column":4},"end":{"line":158,"column":64}},"80":{"start":{"line":138,"column":13},"end":{"line":138,"column":34}},"81":{"start":{"line":162,"column":30},"end":{"line":180,"column":2}},"82":{"start":{"line":162,"column":74},"end":{"line":180,"column":2}},"83":{"start":{"line":163,"column":2},"end":{"line":179,"column":3}},"84":{"start":{"line":164,"column":22},"end":{"line":166,"column":6}},"85":{"start":{"line":168,"column":4},"end":{"line":175,"column":5}},"86":{"start":{"line":169,"column":6},"end":{"line":172,"column":8}},"87":{"start":{"line":174,"column":6},"end":{"line":174,"column":53}},"88":{"start":{"line":177,"column":4},"end":{"line":177,"column":54}},"89":{"start":{"line":178,"column":4},"end":{"line":178,"column":58}},"90":{"start":{"line":162,"column":13},"end":{"line":162,"column":30}},"91":{"start":{"line":182,"column":30},"end":{"line":228,"column":2}},"92":{"start":{"line":185,"column":18},"end":{"line":228,"column":2}},"93":{"start":{"line":186,"column":31},"end":{"line":186,"column":39}},"94":{"start":{"line":188,"column":2},"end":{"line":188,"column":49}},"95":{"start":{"line":189,"column":2},"end":{"line":189,"column":59}},"96":{"start":{"line":191,"column":2},"end":{"line":194,"column":3}},"97":{"start":{"line":192,"column":4},"end":{"line":192,"column":57}},"98":{"start":{"line":193,"column":4},"end":{"line":193,"column":73}},"99":{"start":{"line":196,"column":2},"end":{"line":227,"column":3}},"100":{"start":{"line":197,"column":4},"end":{"line":197,"column":62}},"101":{"start":{"line":198,"column":22},"end":{"line":198,"column":78}},"102":{"start":{"line":200,"column":4},"end":{"line":205,"column":5}},"103":{"start":{"line":201,"column":6},"end":{"line":201,"column":69}},"104":{"start":{"line":202,"column":6},"end":{"line":204,"column":72}},"105":{"start":{"line":207,"column":4},"end":{"line":207,"column":65}},"106":{"start":{"line":209,"column":20},"end":{"line":214,"column":6}},"107":{"start":{"line":216,"column":4},"end":{"line":216,"column":58}},"108":{"start":{"line":217,"column":18},"end":{"line":217,"column":68}},"109":{"start":{"line":219,"column":4},"end":{"line":219,"column":47}},"110":{"start":{"line":220,"column":4},"end":{"line":223,"column":7}},"111":{"start":{"line":225,"column":4},"end":{"line":225,"column":55}},"112":{"start":{"line":226,"column":4},"end":{"line":226,"column":69}},"113":{"start":{"line":182,"column":13},"end":{"line":182,"column":30}}},"fnMap":{"0":{"name":"(anonymous_8)","decl":{"start":{"line":9,"column":33},"end":{"line":9,"column":40}},"loc":{"start":{"line":9,"column":85},"end":{"line":12,"column":2}}},"1":{"name":"(anonymous_9)","decl":{"start":{"line":9,"column":85},"end":{"line":9,"column":null}},"loc":{"start":{"line":9,"column":85},"end":{"line":12,"column":1}}},"2":{"name":"(anonymous_10)","decl":{"start":{"line":14,"column":34},"end":{"line":14,"column":41}},"loc":{"start":{"line":14,"column":86},"end":{"line":32,"column":2}}},"3":{"name":"(anonymous_11)","decl":{"start":{"line":14,"column":86},"end":{"line":14,"column":null}},"loc":{"start":{"line":14,"column":86},"end":{"line":32,"column":1}}},"4":{"name":"(anonymous_12)","decl":{"start":{"line":35,"column":31},"end":{"line":35,"column":38}},"loc":{"start":{"line":35,"column":83},"end":{"line":49,"column":2}}},"5":{"name":"(anonymous_13)","decl":{"start":{"line":35,"column":83},"end":{"line":35,"column":null}},"loc":{"start":{"line":35,"column":83},"end":{"line":49,"column":1}}},"6":{"name":"(anonymous_14)","decl":{"start":{"line":52,"column":34},"end":{"line":52,"column":41}},"loc":{"start":{"line":52,"column":86},"end":{"line":78,"column":2}}},"7":{"name":"(anonymous_15)","decl":{"start":{"line":52,"column":86},"end":{"line":52,"column":null}},"loc":{"start":{"line":52,"column":86},"end":{"line":78,"column":1}}},"8":{"name":"(anonymous_16)","decl":{"start":{"line":80,"column":32},"end":{"line":80,"column":39}},"loc":{"start":{"line":80,"column":84},"end":{"line":115,"column":2}}},"9":{"name":"(anonymous_17)","decl":{"start":{"line":80,"column":84},"end":{"line":80,"column":null}},"loc":{"start":{"line":80,"column":84},"end":{"line":115,"column":1}}},"10":{"name":"(anonymous_18)","decl":{"start":{"line":117,"column":42},"end":{"line":117,"column":null}},"loc":{"start":{"line":120,"column":18},"end":{"line":136,"column":2}}},"11":{"name":"(anonymous_19)","decl":{"start":{"line":120,"column":18},"end":{"line":120,"column":null}},"loc":{"start":{"line":120,"column":18},"end":{"line":136,"column":1}}},"12":{"name":"(anonymous_20)","decl":{"start":{"line":138,"column":34},"end":{"line":138,"column":41}},"loc":{"start":{"line":138,"column":86},"end":{"line":160,"column":2}}},"13":{"name":"(anonymous_21)","decl":{"start":{"line":138,"column":86},"end":{"line":138,"column":null}},"loc":{"start":{"line":138,"column":86},"end":{"line":160,"column":1}}},"14":{"name":"(anonymous_22)","decl":{"start":{"line":162,"column":30},"end":{"line":162,"column":37}},"loc":{"start":{"line":162,"column":74},"end":{"line":180,"column":2}}},"15":{"name":"(anonymous_23)","decl":{"start":{"line":162,"column":74},"end":{"line":162,"column":null}},"loc":{"start":{"line":162,"column":74},"end":{"line":180,"column":1}}},"16":{"name":"(anonymous_24)","decl":{"start":{"line":182,"column":30},"end":{"line":182,"column":null}},"loc":{"start":{"line":185,"column":18},"end":{"line":228,"column":2}}},"17":{"name":"(anonymous_25)","decl":{"start":{"line":185,"column":18},"end":{"line":185,"column":null}},"loc":{"start":{"line":185,"column":18},"end":{"line":228,"column":1}}}},"branchMap":{"0":{"loc":{"start":{"line":7,"column":19},"end":{"line":7,"column":66}},"type":"binary-expr","locations":[{"start":{"line":7,"column":19},"end":{"line":7,"column":41}},{"start":{"line":7,"column":45},"end":{"line":7,"column":66}}]},"1":{"loc":{"start":{"line":40,"column":4},"end":{"line":42,"column":5}},"type":"if","locations":[{"start":{"line":40,"column":4},"end":{"line":42,"column":5}}]},"2":{"loc":{"start":{"line":58,"column":22},"end":{"line":58,"column":42}},"type":"cond-expr","locations":[{"start":{"line":58,"column":31},"end":{"line":58,"column":33}},{"start":{"line":58,"column":22},"end":{"line":58,"column":42}}]},"3":{"loc":{"start":{"line":58,"column":22},"end":{"line":58,"column":33}},"type":"binary-expr","locations":[{"start":{"line":58,"column":22},"end":{"line":58,"column":33}},{"start":{"line":58,"column":22},"end":{"line":58,"column":33}}]},"4":{"loc":{"start":{"line":60,"column":4},"end":{"line":62,"column":5}},"type":"if","locations":[{"start":{"line":60,"column":4},"end":{"line":62,"column":5}}]},"5":{"loc":{"start":{"line":64,"column":10},"end":{"line":66,"column":6}},"type":"cond-expr","locations":[{"start":{"line":64,"column":19},"end":{"line":64,"column":21}},{"start":{"line":64,"column":10},"end":{"line":66,"column":6}}]},"6":{"loc":{"start":{"line":64,"column":10},"end":{"line":64,"column":21}},"type":"binary-expr","locations":[{"start":{"line":64,"column":10},"end":{"line":64,"column":21}},{"start":{"line":64,"column":10},"end":{"line":64,"column":21}}]},"7":{"loc":{"start":{"line":85,"column":22},"end":{"line":85,"column":42}},"type":"cond-expr","locations":[{"start":{"line":85,"column":31},"end":{"line":85,"column":33}},{"start":{"line":85,"column":22},"end":{"line":85,"column":42}}]},"8":{"loc":{"start":{"line":85,"column":22},"end":{"line":85,"column":33}},"type":"binary-expr","locations":[{"start":{"line":85,"column":22},"end":{"line":85,"column":33}},{"start":{"line":85,"column":22},"end":{"line":85,"column":33}}]},"9":{"loc":{"start":{"line":87,"column":4},"end":{"line":89,"column":5}},"type":"if","locations":[{"start":{"line":87,"column":4},"end":{"line":89,"column":5}}]},"10":{"loc":{"start":{"line":92,"column":28},"end":{"line":92,"column":41}},"type":"cond-expr","locations":[{"start":{"line":92,"column":37},"end":{"line":92,"column":39}},{"start":{"line":92,"column":28},"end":{"line":92,"column":41}}]},"11":{"loc":{"start":{"line":92,"column":28},"end":{"line":92,"column":39}},"type":"binary-expr","locations":[{"start":{"line":92,"column":28},"end":{"line":92,"column":39}},{"start":{"line":92,"column":28},"end":{"line":92,"column":39}}]},"12":{"loc":{"start":{"line":95,"column":4},"end":{"line":102,"column":5}},"type":"if","locations":[{"start":{"line":95,"column":4},"end":{"line":102,"column":5}}]},"13":{"loc":{"start":{"line":104,"column":10},"end":{"line":104,"column":30}},"type":"cond-expr","locations":[{"start":{"line":104,"column":19},"end":{"line":104,"column":21}},{"start":{"line":104,"column":10},"end":{"line":104,"column":30}}]},"14":{"loc":{"start":{"line":104,"column":10},"end":{"line":104,"column":21}},"type":"binary-expr","locations":[{"start":{"line":104,"column":10},"end":{"line":104,"column":21}},{"start":{"line":104,"column":10},"end":{"line":104,"column":21}}]},"15":{"loc":{"start":{"line":143,"column":22},"end":{"line":143,"column":42}},"type":"cond-expr","locations":[{"start":{"line":143,"column":31},"end":{"line":143,"column":33}},{"start":{"line":143,"column":22},"end":{"line":143,"column":42}}]},"16":{"loc":{"start":{"line":143,"column":22},"end":{"line":143,"column":33}},"type":"binary-expr","locations":[{"start":{"line":143,"column":22},"end":{"line":143,"column":33}},{"start":{"line":143,"column":22},"end":{"line":143,"column":33}}]},"17":{"loc":{"start":{"line":145,"column":4},"end":{"line":147,"column":5}},"type":"if","locations":[{"start":{"line":145,"column":4},"end":{"line":147,"column":5}}]},"18":{"loc":{"start":{"line":149,"column":10},"end":{"line":149,"column":30}},"type":"cond-expr","locations":[{"start":{"line":149,"column":19},"end":{"line":149,"column":21}},{"start":{"line":149,"column":10},"end":{"line":149,"column":30}}]},"19":{"loc":{"start":{"line":149,"column":10},"end":{"line":149,"column":21}},"type":"binary-expr","locations":[{"start":{"line":149,"column":10},"end":{"line":149,"column":21}},{"start":{"line":149,"column":10},"end":{"line":149,"column":21}}]},"20":{"loc":{"start":{"line":168,"column":4},"end":{"line":175,"column":5}},"type":"if","locations":[{"start":{"line":168,"column":4},"end":{"line":175,"column":5}},{"start":{"line":173,"column":11},"end":{"line":175,"column":5}}]},"21":{"loc":{"start":{"line":191,"column":2},"end":{"line":194,"column":3}},"type":"if","locations":[{"start":{"line":191,"column":2},"end":{"line":194,"column":3}}]},"22":{"loc":{"start":{"line":191,"column":6},"end":{"line":191,"column":26}},"type":"binary-expr","locations":[{"start":{"line":191,"column":6},"end":{"line":191,"column":12}},{"start":{"line":191,"column":16},"end":{"line":191,"column":26}}]},"23":{"loc":{"start":{"line":200,"column":4},"end":{"line":205,"column":5}},"type":"if","locations":[{"start":{"line":200,"column":4},"end":{"line":205,"column":5}}]}},"s":{"0":5,"1":5,"2":5,"3":5,"4":5,"5":5,"6":1,"7":1,"8":1,"9":5,"10":5,"11":6,"12":6,"13":6,"14":6,"15":6,"16":0,"17":0,"18":5,"19":5,"20":0,"21":0,"22":0,"23":0,"24":0,"25":0,"26":0,"27":0,"28":0,"29":5,"30":5,"31":1,"32":1,"33":1,"34":1,"35":1,"36":1,"37":1,"38":0,"39":1,"40":1,"41":0,"42":0,"43":5,"44":5,"45":3,"46":3,"47":3,"48":3,"49":3,"50":3,"51":0,"52":3,"53":0,"54":0,"55":0,"56":0,"57":3,"58":3,"59":5,"60":5,"61":1,"62":1,"63":1,"64":1,"65":0,"66":0,"67":5,"68":5,"69":1,"70":1,"71":1,"72":1,"73":1,"74":1,"75":1,"76":1,"77":1,"78":1,"79":1,"80":5,"81":5,"82":5,"83":5,"84":5,"85":5,"86":4,"87":1,"88":0,"89":0,"90":5,"91":5,"92":0,"93":0,"94":0,"95":0,"96":0,"97":0,"98":0,"99":0,"100":0,"101":0,"102":0,"103":0,"104":0,"105":0,"106":0,"107":0,"108":0,"109":0,"110":0,"111":0,"112":0,"113":5},"f":{"0":1,"1":1,"2":6,"3":6,"4":0,"5":0,"6":1,"7":1,"8":3,"9":3,"10":1,"11":1,"12":1,"13":1,"14":5,"15":5,"16":0,"17":0},"b":{"0":[5,5],"1":[0],"2":[0,1],"3":[1,1],"4":[0],"5":[0,1],"6":[1,1],"7":[0,3],"8":[3,3],"9":[0],"10":[0,3],"11":[3,3],"12":[0],"13":[0,0],"14":[0,0],"15":[0,1],"16":[1,1],"17":[1],"18":[1,0],"19":[1,1],"20":[4,1],"21":[0],"22":[0,0],"23":[0]}}
,"C:\\Users\\alant\\OneDrive\\Área de Trabalho\\API-Escola\\src\\controllers\\TurmaController.ts": {"path":"C:\\Users\\alant\\OneDrive\\Área de Trabalho\\API-Escola\\src\\controllers\\TurmaController.ts","statementMap":{"0":{"start":{"line":2,"column":0},"end":{"line":2,"column":40}},"1":{"start":{"line":3,"column":0},"end":{"line":3,"column":31}},"2":{"start":{"line":5,"column":0},"end":{"line":5,"column":40}},"3":{"start":{"line":7,"column":28},"end":{"line":10,"column":null}},"4":{"start":{"line":7,"column":83},"end":{"line":10,"column":null}},"5":{"start":{"line":8,"column":19},"end":{"line":8,"column":40}},"6":{"start":{"line":9,"column":4},"end":{"line":9,"column":33}},"7":{"start":{"line":7,"column":13},"end":{"line":7,"column":28}},"8":{"start":{"line":12,"column":30},"end":{"line":28,"column":null}},"9":{"start":{"line":12,"column":85},"end":{"line":28,"column":null}},"10":{"start":{"line":13,"column":39},"end":{"line":13,"column":47}},"11":{"start":{"line":15,"column":4},"end":{"line":26,"column":5}},"12":{"start":{"line":16,"column":26},"end":{"line":16,"column":66}},"13":{"start":{"line":17,"column":8},"end":{"line":19,"column":9}},"14":{"start":{"line":18,"column":12},"end":{"line":18,"column":79}},"15":{"start":{"line":21,"column":24},"end":{"line":21,"column":70}},"16":{"start":{"line":22,"column":8},"end":{"line":25,"column":11}},"17":{"start":{"line":27,"column":4},"end":{"line":27,"column":75}},"18":{"start":{"line":12,"column":13},"end":{"line":12,"column":30}},"19":{"start":{"line":30,"column":27},"end":{"line":44,"column":null}},"20":{"start":{"line":30,"column":82},"end":{"line":44,"column":null}},"21":{"start":{"line":31,"column":4},"end":{"line":43,"column":5}},"22":{"start":{"line":32,"column":28},"end":{"line":32,"column":38}},"23":{"start":{"line":34,"column":22},"end":{"line":34,"column":51}},"24":{"start":{"line":35,"column":8},"end":{"line":37,"column":9}},"25":{"start":{"line":36,"column":12},"end":{"line":36,"column":76}},"26":{"start":{"line":39,"column":8},"end":{"line":39,"column":36}},"27":{"start":{"line":41,"column":8},"end":{"line":41,"column":54}},"28":{"start":{"line":42,"column":8},"end":{"line":42,"column":85}},"29":{"start":{"line":30,"column":13},"end":{"line":30,"column":27}},"30":{"start":{"line":46,"column":30},"end":{"line":63,"column":null}},"31":{"start":{"line":46,"column":85},"end":{"line":63,"column":null}},"32":{"start":{"line":47,"column":4},"end":{"line":62,"column":5}},"33":{"start":{"line":48,"column":28},"end":{"line":48,"column":38}},"34":{"start":{"line":49,"column":33},"end":{"line":49,"column":41}},"35":{"start":{"line":51,"column":22},"end":{"line":51,"column":51}},"36":{"start":{"line":52,"column":8},"end":{"line":54,"column":9}},"37":{"start":{"line":53,"column":12},"end":{"line":53,"column":76}},"38":{"start":{"line":56,"column":8},"end":{"line":56,"column":88}},"39":{"start":{"line":58,"column":8},"end":{"line":58,"column":36}},"40":{"start":{"line":60,"column":8},"end":{"line":60,"column":57}},"41":{"start":{"line":61,"column":8},"end":{"line":61,"column":88}},"42":{"start":{"line":46,"column":13},"end":{"line":46,"column":30}},"43":{"start":{"line":65,"column":28},"end":{"line":86,"column":null}},"44":{"start":{"line":65,"column":83},"end":{"line":86,"column":null}},"45":{"start":{"line":66,"column":4},"end":{"line":85,"column":5}},"46":{"start":{"line":67,"column":28},"end":{"line":67,"column":38}},"47":{"start":{"line":69,"column":22},"end":{"line":69,"column":51}},"48":{"start":{"line":70,"column":8},"end":{"line":72,"column":9}},"49":{"start":{"line":71,"column":12},"end":{"line":71,"column":76}},"50":{"start":{"line":74,"col
[...]
":{"line":10,"column":1}}},"2":{"name":"(anonymous_9)","decl":{"start":{"line":12,"column":30},"end":{"line":12,"column":37}},"loc":{"start":{"line":12,"column":85},"end":{"line":28,"column":null}}},"3":{"name":"(anonymous_10)","decl":{"start":{"line":12,"column":85},"end":{"line":12,"column":null}},"loc":{"start":{"line":12,"column":85},"end":{"line":28,"column":1}}},"4":{"name":"(anonymous_11)","decl":{"start":{"line":30,"column":27},"end":{"line":30,"column":34}},"loc":{"start":{"line":30,"column":82},"end":{"line":44,"column":null}}},"5":{"name":"(anonymous_12)","decl":{"start":{"line":30,"column":82},"end":{"line":30,"column":null}},"loc":{"start":{"line":30,"column":82},"end":{"line":44,"column":1}}},"6":{"name":"(anonymous_13)","decl":{"start":{"line":46,"column":30},"end":{"line":46,"column":37}},"loc":{"start":{"line":46,"column":85},"end":{"line":63,"column":null}}},"7":{"name":"(anonymous_14)","decl":{"start":{"line":46,"column":85},"end":{"line":46,"column":null}},"loc":{"start":{"line":46,"column":85},"end":{"line":63,"column":1}}},"8":{"name":"(anonymous_15)","decl":{"start":{"line":65,"column":28},"end":{"line":65,"column":35}},"loc":{"start":{"line":65,"column":83},"end":{"line":86,"column":null}}},"9":{"name":"(anonymous_16)","decl":{"start":{"line":65,"column":83},"end":{"line":65,"column":null}},"loc":{"start":{"line":65,"column":83},"end":{"line":86,"column":1}}},"10":{"name":"(anonymous_17)","decl":{"start":{"line":88,"column":37},"end":{"line":88,"column":44}},"loc":{"start":{"line":88,"column":92},"end":{"line":99,"column":null}}},"11":{"name":"(anonymous_18)","decl":{"start":{"line":88,"column":92},"end":{"line":88,"column":null}},"loc":{"start":{"line":88,"column":92},"end":{"line":99,"column":1}}},"12":{"name":"(anonymous_19)","decl":{"start":{"line":101,"column":30},"end":{"line":101,"column":37}},"loc":{"start":{"line":101,"column":85},"end":{"line":120,"column":null}}},"13":{"name":"(anonymous_20)","decl":{"start":{"line":101,"column":85},"end":{"line":101,"column":null}},"loc":{"start":{"line":101,"column":85},"end":{"line":120,"column":1}}}},"branchMap":{"0":{"loc":{"start":{"line":15,"column":4},"end":{"line":26,"column":5}},"type":"if","locations":[{"start":{"line":15,"column":4},"end":{"line":26,"column":5}}]},"1":{"loc":{"start":{"line":15,"column":8},"end":{"line":15,"column":24}},"type":"binary-expr","locations":[{"start":{"line":15,"column":8},"end":{"line":15,"column":12}},{"start":{"line":15,"column":16},"end":{"line":15,"column":24}}]},"2":{"loc":{"start":{"line":17,"column":8},"end":{"line":19,"column":9}},"type":"if","locations":[{"start":{"line":17,"column":8},"end":{"line":19,"column":9}}]},"3":{"loc":{"start":{"line":35,"column":8},"end":{"line":37,"column":9}},"type":"if","locations":[{"start":{"line":35,"column":8},"end":{"line":37,"column":9}}]},"4":{"loc":{"start":{"line":52,"column":8},"end":{"line":54,"column":9}},"type":"if","locations":[{"start":{"line":52,"column":8},"end":{"line":54,"column":9}}]},"5":{"loc":{"start":{"line":70,"column":8},"end":{"line":72,"column":9}},"type":"if","locations":[{"start":{"line":70,"column":8},"end":{"line":72,"column":9}}]},"6":{"loc":{"start":{"line":75,"column":8},"end":{"line":77,"column":9}},"type":"if","locations":[{"start":{"line":75,"column":8},"end":{"line":77,"column":9}}]},"7":{"loc":{"start":{"line":109,"column":8},"end":{"line":111,"column":9}},"type":"if","locations":[{"start":{"line":109,"column":8},"end":{"line":111,"column":9}}]}},"s":{"0":5,"1":5,"2":5,"3":5,"4":0,"5":0,"6":0,"7":5,"8":5,"9":0,"10":0,"11":0,"12":0,"13":0,"14":0,"15":0,"16":0,"17":0,"18":5,"19":5,"20":0,"21":0,"22":0,"23":0,"24":0,"25":0,"26":0,"27":0,"28":0,"29":5,"30":5,"31":0,"32":0,"33":0,"34":0,"35":0,"36":0,"37":0,"38":0,"39":0,"40":0,"41":0,"42":5,"43":5,"44":0,"45":0,"46":0,"47":0,"48":0,"49":0,"50":0,"51":0,"52":0,"53":0,"54":0,"55":0,"56":0,"57":5,"58":5,"59":0,"60":0,"61":0,"62":5,"63":5,"64":0,"65":0,"66":0,"67":0,"68":0,"69":0,"70":0,"71":0,"72":0,"73":0,"74":5},"f":{"0":0,"1":0,"2":0,"3":0,"4":0,"5":0,"6":0,"7":0,"8":0,"9":0,"10":0,"11":0,"12":0,"13":0},"b":{"0":[0],"1":[0,0],"2":[0],"3":[0],"4":[0],"5":[0],"6":[0],"7":[0]}}
,"C:\\Users\\alant\\OneDrive\\Área de Trabalho\\API-Escola\\src\\controllers\\apiController.ts": {"path":"C:\\Users\\alant\\OneDrive\\Área de Trabalho\\API-Escola\\src\\controllers\\apiController.ts","statementMap":{"0":{"start":{"line":2,"column":0},"end":{"line":2,"column":30}},"1":{"start":{"line":4,"column":19},"end":{"line":4,"column":66}},"2":{"start":{"line":12,"column":26},"end":{"line":22,"column":null}},"3":{"start":{"line":12,"column":79},"end":{"line":22,"column":null}},"4":{"start":{"line":13,"column":27},"end":{"line":17,"column":null}},"5":{"start":{"line":19,"column":16},"end":{"line":19,"column":66}},"6":{"start":{"line":21,"column":2},"end":{"line":21,"column":null}},"7":{"start":{"line":12,"column":13},"end":{"line":12,"column":26}}},"fnMap":{"0":{"name":"(anonymous_8)","decl":{"start":{"line":12,"column":26},"end":{"line":12,"column":33}},"loc":{"start":{"line":12,"column":79},"end":{"line":22,"column":null}}},"1":{"name":"(anonymous_9)","decl":{"start":{"line":12,"column":79},"end":{"line":12,"column":null}},"loc":{"start":{"line":12,"column":79},"end":{"line":22,"column":1}}}},"branchMap":{"0":{"loc":{"start":{"line":4,"column":19},"end":{"line":4,"column":66}},"type":"binary-expr","locations":[{"start":{"line":4,"column":19},"end":{"line":4,"column":41}},{"start":{"line":4,"column":45},"end":{"line":4,"column":66}}]}},"s":{"0":5,"1":5,"2":5,"3":0,"4":0,"5":0,"6":0,"7":5},"f":{"0":0,"1":0},"b":{"0":[5,5]}}
,"C:\\Users\\alant\\OneDrive\\Área de Trabalho\\API-Escola\\src\\instances\\mysql.ts": {"path":"C:\\Users\\alant\\OneDrive\\Área de Trabalho\\API-Escola\\src\\instances\\mysql.ts","statementMap":{"0":{"start":{"line":1,"column":0},"end":{"line":1,"column":38}},"1":{"start":{"line":2,"column":0},"end":{"line":2,"column":28}},"2":{"start":{"line":4,"column":0},"end":{"line":4,"column":16}},"3":{"start":{"line":6,"column":13},"end":{"line":15,"column":2}},"4":{"start":{"line":17,"column":29},"end":{"line":24,"column":null}},"5":{"start":{"line":17,"column":40},"end":{"line":24,"column":null}},"6":{"start":{"line":18,"column":4},"end":{"line":23,"column":5}},"7":{"start":{"line":19,"column":8},"end":{"line":19,"column":39}},"8":{"start":{"line":20,"column":8},"end":{"line":20,"column":51}},"9":{"start":{"line":22,"column":8},"end":{"line":22,"column":66}},"10":{"start":{"line":17,"column":13},"end":{"line":17,"column":29}}},"fnMap":{"0":{"name":"(anonymous_8)","decl":{"start":{"line":17,"column":29},"end":{"line":17,"column":38}},"loc":{"start":{"line":17,"column":40},"end":{"line":24,"column":null}}},"1":{"name":"(anonymous_9)","decl":{"start":{"line":17,"column":40},"end":{"line":17,"column":null}},"loc":{"start":{"line":17,"column":40},"end":{"line":24,"column":1}}}},"branchMap":{},"s":{"0":5,"1":5,"2":5,"3":5,"4":5,"5":5,"6":5,"7":5,"8":5,"9":0,"10":5},"f":{"0":5,"1":5},"b":{}}
,"C:\\Users\\alant\\OneDrive\\Área de Trabalho\\API-Escola\\src\\models\\Aluno.ts": {"path":"C:\\Users\\alant\\OneDrive\\Área de Trabalho\\API-Escola\\src\\models\\Aluno.ts","statementMap":{"0":{"start":{"line":1,"column":0},"end":{"line":1,"column":45}},"1":{"start":{"line":2,"column":0},"end":{"line":2,"column":47}},"2":{"start":{"line":3,"column":0},"end":{"line":3,"column":32}},"3":{"start":{"line":5,"column":0},"end":{"line":5,"column":13}},"4":{"start":{"line":14,"column":0},"end":{"line":55,"column":null}}},"fnMap":{},"branchMap":{},"s":{"0":5,"1":5,"2":5,"3":5,"4":5},"f":{},"b":{}}
,"C:\\Users\\alant\\OneDrive\\Área de Trabalho\\API-Escola\\src\\models\\AlunoDisciplina.ts": {"path":"C:\\Users\\alant\\OneDrive\\Área de Trabalho\\API-Escola\\src\\models\\AlunoDisciplina.ts","statementMap":{"0":{"start":{"line":1,"column":0},"end":{"line":1,"column":45}},"1":{"start":{"line":2,"column":0},"end":{"line":2,"column":47}},"2":{"start":{"line":3,"column":0},"end":{"line":3,"column":42}},"3":{"start":{"line":4,"column":0},"end":{"line":4,"column":32}},"4":{"start":{"line":6,"column":0},"end":{"line":6,"column":13}},"5":{"start":{"line":11,"column":0},"end":{"line":40,"column":null}}},"fnMap":{},"branchMap":{},"s":{"0":5,"1":5,"2":5,"3":5,"4":5,"5":5},"f":{},"b":{}}
,"C:\\Users\\alant\\OneDrive\\Área de Trabalho\\API-Escola\\src\\models\\AlunoTurma.ts": {"path":"C:\\Users\\alant\\OneDrive\\Área de Trabalho\\API-Escola\\src\\models\\AlunoTurma.ts","statementMap":{"0":{"start":{"line":1,"column":0},"end":{"line":1,"column":45}},"1":{"start":{"line":2,"column":0},"end":{"line":2,"column":47}},"2":{"start":{"line":3,"column":0},"end":{"line":3,"column":32}},"3":{"start":{"line":4,"column":0},"end":{"line":4,"column":32}},"4":{"start":{"line":6,"column":0},"end":{"line":6,"column":13}},"5":{"start":{"line":11,"column":0},"end":{"line":39,"column":2}}},"fnMap":{},"branchMap":{},"s":{"0":5,"1":5,"2":5,"3":5,"4":5,"5":5},"f":{},"b":{}}
,"C:\\Users\\alant\\OneDrive\\Área de Trabalho\\API-Escola\\src\\models\\Curso.ts": {"path":"C:\\Users\\alant\\OneDrive\\Área de Trabalho\\API-Escola\\src\\models\\Curso.ts","statementMap":{"0":{"start":{"line":1,"column":0},"end":{"line":1,"column":45}},"1":{"start":{"line":2,"column":0},"end":{"line":2,"column":47}},"2":{"start":{"line":4,"column":0},"end":{"line":4,"column":13}},"3":{"start":{"line":10,"column":0},"end":{"line":32,"column":null}}},"fnMap":{},"branchMap":{},"s":{"0":5,"1":5,"2":5,"3":5},"f":{},"b":{}}
,"C:\\Users\\alant\\OneDrive\\Área de Trabalho\\API-Escola\\src\\models\\Disciplina.ts": {"path":"C:\\Users\\alant\\OneDrive\\Área de Trabalho\\API-Escola\\src\\models\\Disciplina.ts","statementMap":{"0":{"start":{"line":1,"column":0},"end":{"line":1,"column":45}},"1":{"start":{"line":2,"column":0},"end":{"line":2,"column":47}},"2":{"start":{"line":3,"column":0},"end":{"line":3,"column":40}},"3":{"start":{"line":5,"column":0},"end":{"line":5,"column":13}},"4":{"start":{"line":11,"column":0},"end":{"line":38,"column":null}}},"fnMap":{},"branchMap":{},"s":{"0":5,"1":5,"2":5,"3":5,"4":5},"f":{},"b":{}}
,"C:\\Users\\alant\\OneDrive\\Área de Trabalho\\API-Escola\\src\\models\\Nota.ts": {"path":"C:\\Users\\alant\\OneDrive\\Área de Trabalho\\API-Escola\\src\\models\\Nota.ts","statementMap":{"0":{"start":{"line":1,"column":0},"end":{"line":1,"column":45}},"1":{"start":{"line":2,"column":0},"end":{"line":2,"column":47}},"2":{"start":{"line":3,"column":0},"end":{"line":3,"column":32}},"3":{"start":{"line":4,"column":0},"end":{"line":4,"column":42}},"4":{"start":{"line":6,"column":0},"end":{"line":6,"column":13}},"5":{"start":{"line":14,"column":0},"end":{"line":56,"column":null}}},"fnMap":{},"branchMap":{},"s":{"0":5,"1":5,"2":5,"3":5,"4":5,"5":5},"f":{},"b":{}}
,"C:\\Users\\alant\\OneDrive\\Área de Trabalho\\API-Escola\\src\\models\\Presenca.ts": {"path":"C:\\Users\\alant\\OneDrive\\Área de Trabalho\\API-Escola\\src\\models\\Presenca.ts","statementMap":{"0":{"start":{"line":1,"column":0},"end":{"line":1,"column":45}},"1":{"start":{"line":2,"column":0},"end":{"line":2,"column":47}},"2":{"start":{"line":3,"column":0},"end":{"line":3,"column":32}},"3":{"start":{"line":4,"column":0},"end":{"line":4,"column":42}},"4":{"start":{"line":6,"column":0},"end":{"line":6,"column":13}},"5":{"start":{"line":14,"column":0},"end":{"line":56,"column":null}}},"fnMap":{},"branchMap":{},"s":{"0":5,"1":5,"2":5,"3":5,"4":5,"5":5},"f":{},"b":{}}
,"C:\\Users\\alant\\OneDrive\\Área de Trabalho\\API-Escola\\src\\models\\Professor.ts": {"path":"C:\\Users\\alant\\OneDrive\\Área de Trabalho\\API-Escola\\src\\models\\Professor.ts","statementMap":{"0":{"start":{"line":1,"column":0},"end":{"line":1,"column":45}},"1":{"start":{"line":2,"column":0},"end":{"line":2,"column":47}},"2":{"start":{"line":4,"column":0},"end":{"line":4,"column":13}},"3":{"start":{"line":12,"column":0},"end":{"line":44,"column":null}}},"fnMap":{},"branchMap":{},"s":{"0":5,"1":5,"2":5,"3":5},"f":{},"b":{}}
,"C:\\Users\\alant\\OneDrive\\Área de Trabalho\\API-Escola\\src\\models\\Turma.ts": {"path":"C:\\Users\\alant\\OneDrive\\Área de Trabalho\\API-Escola\\src\\models\\Turma.ts","statementMap":{"0":{"start":{"line":1,"column":0},"end":{"line":1,"column":45}},"1":{"start":{"line":2,"column":0},"end":{"line":2,"column":47}},"2":{"start":{"line":3,"column":0},"end":{"line":3,"column":32}},"3":{"start":{"line":5,"column":0},"end":{"line":5,"column":13}},"4":{"start":{"line":12,"column":0},"end":{"line":42,"column":null}}},"fnMap":{},"branchMap":{},"s":{"0":5,"1":5,"2":5,"3":5,"4":5},"f":{},"b":{}}
,"C:\\Users\\alant\\OneDrive\\Área de Trabalho\\API-Escola\\src\\models\\associations.ts": {"path":"C:\\Users\\alant\\OneDrive\\Área de Trabalho\\API-Escola\\src\\models\\associations.ts","statementMap":{"0":{"start":{"line":1,"column":0},"end":{"line":1,"column":32}},"1":{"start":{"line":2,"column":0},"end":{"line":2,"column":42}},"2":{"start":{"line":3,"column":0},"end":{"line":3,"column":52}},"3":{"start":{"line":4,"column":0},"end":{"line":4,"column":32}},"4":{"start":{"line":5,"column":0},"end":{"line":5,"column":32}},"5":{"start":{"line":6,"column":0},"end":{"line":6,"column":40}},"6":{"start":{"line":7,"column":0},"end":{"line":7,"column":38}},"7":{"start":{"line":8,"column":0},"end":{"line":8,"column":30}},"8":{"start":{"line":9,"column":0},"end":{"line":9,"column":42}},"9":{"start":{"line":12,"column":0},"end":{"line":16,"column":3}},"10":{"start":{"line":18,"column":0},"end":{"line":22,"column":3}},"11":{"start":{"line":24,"column":0},"end":{"line":27,"column":3}},"12":{"start":{"line":30,"column":0},"end":{"line":33,"column":3}},"13":{"start":{"line":35,"column":0},"end":{"line":40,"column":3}},"14":{"start":{"line":42,"column":0},"end":{"line":47,"column":3}},"15":{"start":{"line":62,"column":0},"end":{"line":65,"column":3}},"16":{"start":{"line":67,"column":0},"end":{"line":70,"column":3}},"17":{"start":{"line":73,"column":0},"end":{"line":76,"column":3}},"18":{"start":{"line":78,"column":0},"end":{"line":81,"column":3}},"19":{"start":{"line":84,"column":0},"end":{"line":87,"column":3}},"20":{"start":{"line":89,"column":0},"end":{"line":92,"column":3}},"21":{"start":{"line":95,"column":0},"end":{"line":98,"column":3}},"22":{"start":{"line":100,"column":0},"end":{"line":103,"column":3}},"23":{"start":{"line":106,"column":0},"end":{"line":109,"column":3}},"24":{"start":{"line":111,"column":0},"end":{"line":114,"column":3}},"25":{"start":{"line":117,"column":0},"end":{"line":120,"column":3}},"26":{"start":{"line":122,"column":0},"end":{"line":125,"column":3}}},"fnMap":{},"branchMap":{},"s":{"0":5,"1":5,"2":5,"3":5,"4":5,"5":5,"6":5,"7":5,"8":5,"9":5,"10":5,"11":5,"12":5,"13":5,"14":5,"15":5,"16":5,"17":5,"18":5,"19":5,"20":5,"21":5,"22":5,"23":5,"24":5,"25":5,"26":5},"f":{},"b":{}}
,"C:\\Users\\alant\\OneDrive\\Área de Trabalho\\API-Escola\\src\\routes\\routes.ts": {"path":"C:\\Users\\alant\\OneDrive\\Área de Trabalho\\API-Escola\\src\\routes\\routes.ts","statementMap":{"0":{"start":{"line":1,"column":0},"end":{"line":1,"column":33}},"1":{"start":{"line":3,"column":13},"end":{"line":3,"column":31}},"2":{"start":{"line":5,"column":0},"end":{"line":5,"column":null}},"3":{"start":{"line":17,"column":0},"end":{"line":17,"column":42}},"4":{"start":{"line":18,"column":0},"end":{"line":18,"column":47}},"5":{"start":{"line":19,"column":0},"end":{"line":19,"column":49}},"6":{"start":{"line":20,"column":0},"end":{"line":20,"column":55}},"7":{"start":{"line":21,"column":0},"end":{"line":21,"column":54}},"8":{"start":{"line":22,"column":0},"end":{"line":22,"column":60}},"9":{"start":{"line":23,"column":0},"end":{"line":23,"column":55}},"10":{"start":{"line":26,"column":0},"end":{"line":26,"column":null}},"11":{"start":{"line":35,"column":0},"end":{"line":35,"column":52}},"12":{"start":{"line":36,"column":0},"end":{"line":36,"column":57}},"13":{"start":{"line":37,"column":0},"end":{"line":37,"column":70}},"14":{"start":{"line":38,"column":0},"end":{"line":38,"column":69}},"15":{"start":{"line":39,"column":0},"end":{"line":39,"column":64}},"16":{"start":{"line":42,"column":0},"end":{"line":42,"column":null}},"17":{"start":{"line":48,"column":0},"end":{"line":48,"column":73}},"18":{"start":{"line":49,"column":0},"end":{"line":49,"column":71}},"19":{"start":{"line":51,"column":0},"end":{"line":51,"column":null}},"20":{"start":{"line":57,"column":0},"end":{"line":57,"column":66}},"21":{"start":{"line":58,"column":0},"end":{"line":58,"column":79}},"22":{"start":{"line":63,"column":0},"end":{"line":63,"column":null}},"23":{"start":{"line":74,"column":0},"end":{"line":74,"column":42}},"24":{"start":{"line":75,"column":0},"end":{"line":75,"column":47}},"25":{"start":{"line":76,"column":0},"end":{"line":76,"column":49}},"26":{"start":{"line":77,"column":0},"end":{"line":77,"column":55}},"27":{"start":{"line":78,"column":0},"end":{"line":78,"column":54}},"28":{"start":{"line":79,"column":0},"end":{"line":79,"column":60}},"29":{"start":{"line":80,"column":0},"end":{"line":80,"column":55}},"30":{"start":{"line":83,"column":0},"end":{"line":83,"column":null}},"31":{"start":{"line":94,"column":0},"end":{"line":94,"column":42}},"32":{"start":{"line":95,"column":0},"end":{"line":95,"column":47}},"33":{"start":{"line":96,"column":0},"end":{"line":96,"column":49}},"34":{"start":{"line":97,"column":0},"end":{"line":97,"column":55}},"35":{"start":{"line":98,"column":0},"end":{"line":98,"column":54}},"36":{"start":{"line":99,"column":0},"end":{"line":99,"column":60}},"37":{"start":{"line":100,"column":0},"end":{"line":100,"column":55}},"38":{"start":{"line":103,"column":0},"end":{"line":103,"column":null}},"39":{"start":{"line":114,"column":0},"end":{"line":114,"column":52}},"40":{"start":{"line":115,"column":0},"end":{"line":115,"column":55}},"41":{"start":{"line":116,"column":0},"end":{"line":116,"column":61}},"42":{"start":{"line":117,"column":0},"end":{"line":117,"column":67}},"43":{"start":{"line":118,"column":0},"end":{"line":118,"column":66}},"44":{"start":{"line":119,"column":0},"end":{"line":119,"column":70}},"45":{"start":{"line":120,"column":0},"end":{"line":120,"column":67}},"46":{"start":{"line":123,"column":0},"end":{"line":123,"column":null}},"47":{"start":{"line":134,"column":0},"end":{"line":134,"column":40}},"48":{"start":{"line":135,"column":0},"end":{"line":135,"column":45}},"49":{"start":{"line":136,"column":0},"end":{"line":136,"column":46}},"50":{"start":{"line":137,"column":0},"end":{"line":137,"column":52}},"51":{"start":{"line":138,"column":0},"end":{"line":138,"column":51}},"52":{"start":{"line":139,"column":0},"end":{"line":139,"column":58}},"53":{"start":{"line":140,"column":0},"end":{"line":140,"column":52}},"54":{"start":{"line":143,"column":0},"end":{"line":143,"column":null}},"55":{"start":{"line":154,"column":0},"end":{"line":154,"column":48}},"56":{"start":{"line":155,"column":0},"end":{"line":155,"column":53}},"57":{"start":{"line":156,"column":0},"end":{"line":156,"column":58}},"58":{"start":{"line":157,"column":0},"end":{"line":157,"column":64}},"59":{"start":{"line":158,"column":0},"end":{"line":158,"column":63}},"60":{"start":{"line":159,"column":0},"end":{"line":159,"column":66}},"61":{"start":{"line":160,"column":0},"end":{"line":160,"column":64}},"62":{"start":{"line":163,"column":0},"end":{"line":163,"column":58}},"63":{"start":{"line":165,"column":0},"end":{"line":165,"column":39}},"64":{"start":{"line":167,"column":0},"end":{"line":167,"column":22}}},"fnMap":{},"branchMap":{},"s":{"0":5,"1":5,"2":5,"3":5,"4":5,"5":5,"6":5,"7":5,"8":5,"9":5,"10":5,"11":5,"12":5,"13":5,"14":5,"15":5,"16":5,"17":5,"18":5,"19":5,"20":5,"21":5,"22":5,"23":5,"24":5,"25":5,"26":5,"27":5,"28":5,"29":5,"30":5,"31":5,"32":5,"33":5,"34":5,"35":5,"36":5,"37":5,"38":5,"39":5,"40":5,"41":5,"42":5,"43":5,"44":5,"45":5,"46":5,"47":5,"48":5,"49":5,"50":5,"51":5,"52":5,"53":5,"54":5,"55":5,"56":5,"57":5,"58":5,"59":5,"60":5,"61":5,"62":5,"63":5,"64":5},"f":{},"b":{}}
}
