TN:
SF:src\server.ts
FN:25,(anonymous_1)
FN:30,(anonymous_2)
FN:39,(anonymous_3)
FNF:3
FNH:1
FNDA:1,(anonymous_1)
FNDA:0,(anonymous_2)
FNDA:0,(anonymous_3)
DA:1,5
DA:2,5
DA:3,5
DA:4,5
DA:5,5
DA:6,5
DA:7,5
DA:9,5
DA:11,5
DA:14,5
DA:17,5
DA:18,5
DA:19,5
DA:22,5
DA:25,5
DA:26,1
DA:30,5
DA:31,0
DA:32,0
DA:34,5
DA:37,5
DA:38,0
DA:39,0
DA:40,0
DA:44,5
LF:25
LH:20
BRDA:37,0,0,0
BRDA:38,1,0,0
BRDA:38,1,1,0
BRF:3
BRH:0
end_of_record
TN:
SF:src\controllers\AlunoController.ts
FN:5,(anonymous_7)
FN:5,(anonymous_8)
FN:10,(anonymous_9)
FN:10,(anonymous_10)
FN:35,(anonymous_11)
FN:35,(anonymous_12)
FN:51,(anonymous_13)
FN:51,(anonymous_14)
FN:70,(anonymous_15)
FN:70,(anonymous_16)
FN:93,(anonymous_17)
FN:93,(anonymous_18)
FN:106,(anonymous_19)
FN:106,(anonymous_20)
FN:127,(anonymous_21)
FN:127,(anonymous_22)
FNF:16
FNH:10
FNDA:1,(anonymous_7)
FNDA:1,(anonymous_8)
FNDA:4,(anonymous_9)
FNDA:4,(anonymous_10)
FNDA:0,(anonymous_11)
FNDA:0,(anonymous_12)
FNDA:1,(anonymous_13)
FNDA:1,(anonymous_14)
FNDA:2,(anonymous_15)
FNDA:2,(anonymous_16)
FNDA:0,(anonymous_17)
FNDA:0,(anonymous_18)
FNDA:1,(anonymous_19)
FNDA:1,(anonymous_20)
FNDA:0,(anonymous_21)
FNDA:0,(anonymous_22)
DA:2,5
DA:3,5
DA:5,5
DA:6,1
DA:7,1
DA:10,5
DA:11,4
DA:12,4
DA:26,4
DA:28,0
DA:30,4
DA:31,4
DA:35,5
DA:36,0
DA:37,0
DA:39,0
DA:40,0
DA:41,0
DA:44,0
DA:46,0
DA:47,0
DA:51,5
DA:52,1
DA:53,1
DA:54,1
DA:56,1
DA:57,1
DA:58,1
DA:61,0
DA:63,0
DA:65,0
DA:66,0
DA:70,5
DA:71,2
DA:72,2
DA:74,2
DA:75,2
DA:76,2
DA:84,0
DA:86,0
DA:88,0
DA:89,0
DA:93,5
DA:94,0
DA:103,0
DA:106,5
DA:107,1
DA:108,1
DA:110,1
DA:114,1
DA:115,1
DA:118,0
DA:120,0
DA:122,0
DA:123,0
DA:127,5
LF:56
LH:33
BRDA:40,0,0,0
BRDA:57,1,0,1
BRDA:75,2,0,2
BRDA:114,3,0,1
BRF:4
BRH:3
end_of_record
TN:
SF:src\controllers\AlunoDisciplinaController.ts
FN:8,(anonymous_7)
FN:8,(anonymous_8)
FN:22,(anonymous_9)
FN:22,(anonymous_10)
FNF:4
FNH:0
FNDA:0,(anonymous_7)
FNDA:0,(anonymous_8)
FNDA:0,(anonymous_9)
FNDA:0,(anonymous_10)
DA:3,5
DA:4,5
DA:8,5
DA:9,0
DA:11,0
DA:12,0
DA:14,0
DA:15,0
DA:18,0
DA:20,0
DA:22,5
DA:23,0
DA:25,0
DA:29,0
DA:30,0
DA:33,0
LF:16
LH:4
BRDA:14,0,0,0
BRDA:14,1,0,0
BRDA:14,1,1,0
BRDA:29,2,0,0
BRF:4
BRH:0
end_of_record
TN:
SF:src\controllers\AlunoTurmaController.ts
FN:5,(anonymous_7)
FN:5,(anonymous_8)
FN:19,(anonymous_9)
FN:19,(anonymous_10)
FNF:4
FNH:0
FNDA:0,(anonymous_7)
FNDA:0,(anonymous_8)
FNDA:0,(anonymous_9)
FNDA:0,(anonymous_10)
DA:2,5
DA:3,5
DA:5,5
DA:6,0
DA:8,0
DA:9,0
DA:11,0
DA:12,0
DA:15,0
DA:16,0
DA:19,5
DA:20,0
DA:22,0
DA:30,0
DA:31,0
DA:34,0
LF:16
LH:4
BRDA:11,0,0,0
BRDA:11,1,0,0
BRDA:11,1,1,0
BRDA:30,2,0,0
BRF:4
BRH:0
end_of_record
TN:
SF:src\controllers\CursoController.ts
FN:7,(anonymous_7)
FN:7,(anonymous_8)
FN:12,(anonymous_9)
FN:12,(anonymous_10)
FN:32,(anonymous_11)
FN:32,(anonymous_12)
FN:48,(anonymous_13)
FN:48,(anonymous_14)
FN:67,(anonymous_15)
FN:67,(anonymous_16)
FN:91,(anonymous_17)
FN:91,(anonymous_18)
FN:104,(anonymous_19)
FN:104,(anonymous_20)
FNF:14
FNH:0
FNDA:0,(anonymous_7)
FNDA:0,(anonymous_8)
FNDA:0,(anonymous_9)
FNDA:0,(anonymous_10)
FNDA:0,(anonymous_11)
FNDA:0,(anonymous_12)
FNDA:0,(anonymous_13)
FNDA:0,(anonymous_14)
FNDA:0,(anonymous_15)
FNDA:0,(anonymous_16)
FNDA:0,(anonymous_17)
FNDA:0,(anonymous_18)
FNDA:0,(anonymous_19)
FNDA:0,(anonymous_20)
DA:2,5
DA:3,5
DA:4,5
DA:5,5
DA:7,5
DA:8,0
DA:9,0
DA:12,5
DA:13,0
DA:14,0
DA:16,0
DA:18,0
DA:19,0
DA:22,0
DA:24,0
DA:27,0
DA:28,0
DA:32,5
DA:33,0
DA:34,0
DA:36,0
DA:37,0
DA:38,0
DA:41,0
DA:43,0
DA:44,0
DA:48,5
DA:49,0
DA:50,0
DA:51,0
DA:53,0
DA:54,0
DA:55,0
DA:58,0
DA:60,0
DA:62,0
DA:63,0
DA:67,5
DA:68,0
DA:69,0
DA:71,0
DA:72,0
DA:73,0
DA:76,0
DA:77,0
DA:78,0
DA:79,0
DA:82,0
DA:84,0
DA:86,0
DA:87,0
DA:91,5
DA:92,0
DA:101,0
DA:104,5
DA:105,0
DA:106,0
DA:108,0
DA:112,0
DA:113,0
DA:116,0
DA:118,0
DA:120,0
DA:121,0
LF:64
LH:11
BRDA:18,0,0,0
BRDA:37,1,0,0
BRDA:54,2,0,0
BRDA:72,3,0,0
BRDA:78,4,0,0
BRDA:78,5,0,0
BRDA:78,5,1,0
BRDA:112,6,0,0
BRF:8
BRH:0
end_of_record
TN:
SF:src\controllers\DisciplinaController.ts
FN:6,(anonymous_7)
FN:6,(anonymous_8)
FN:11,(anonymous_9)
FN:11,(anonymous_10)
FN:29,(anonymous_11)
FN:29,(anonymous_12)
FN:46,(anonymous_13)
FN:46,(anonymous_14)
FN:65,(anonymous_15)
FN:65,(anonymous_16)
FN:86,(anonymous_17)
FN:86,(anonymous_18)
FN:100,(anonymous_19)
FN:100,(anonymous_20)
FNF:14
FNH:0
FNDA:0,(anonymous_7)
FNDA:0,(anonymous_8)
FNDA:0,(anonymous_9)
FNDA:0,(anonymous_10)
FNDA:0,(anonymous_11)
FNDA:0,(anonymous_12)
FNDA:0,(anonymous_13)
FNDA:0,(anonymous_14)
FNDA:0,(anonymous_15)
FNDA:0,(anonymous_16)
FNDA:0,(anonymous_17)
FNDA:0,(anonymous_18)
FNDA:0,(anonymous_19)
FNDA:0,(anonymous_20)
DA:2,5
DA:3,5
DA:4,5
DA:6,5
DA:7,0
DA:8,0
DA:11,5
DA:12,0
DA:14,0
DA:15,0
DA:16,0
DA:17,0
DA:18,0
DA:23,0
DA:26,0
DA:29,5
DA:31,0
DA:32,0
DA:34,0
DA:35,0
DA:36,0
DA:39,0
DA:41,0
DA:42,0
DA:46,5
DA:48,0
DA:49,0
DA:50,0
DA:52,0
DA:53,0
DA:54,0
DA:56,0
DA:58,0
DA:60,0
DA:61,0
DA:65,5
DA:67,0
DA:68,0
DA:70,0
DA:71,0
DA:72,0
DA:74,0
DA:75,0
DA:76,0
DA:79,0
DA:81,0
DA:82,0
DA:86,5
DA:87,0
DA:97,0
DA:100,5
DA:101,0
DA:102,0
DA:104,0
DA:107,0
DA:108,0
DA:110,0
DA:112,0
DA:114,0
DA:115,0
LF:60
LH:10
BRDA:14,0,0,0
BRDA:16,1,0,0
BRDA:16,1,1,0
BRDA:35,2,0,0
BRDA:53,3,0,0
BRDA:56,4,0,0
BRDA:56,4,1,0
BRDA:56,5,0,0
BRDA:56,5,1,0
BRDA:71,6,0,0
BRDA:75,7,0,0
BRDA:76,8,0,0
BRDA:76,8,1,0
BRDA:76,9,0,0
BRDA:76,9,1,0
BRDA:107,10,0,0
BRDA:110,11,0,0
BRDA:110,11,1,0
BRDA:110,12,0,0
BRDA:110,12,1,0
BRF:20
BRH:0
end_of_record
TN:
SF:src\controllers\NotaController.ts
FN:7,(anonymous_7)
FN:7,(anonymous_8)
FN:12,(anonymous_9)
FN:12,(anonymous_10)
FN:31,(anonymous_11)
FN:31,(anonymous_12)
FN:47,(anonymous_13)
FN:47,(anonymous_14)
FN:66,(anonymous_15)
FN:66,(anonymous_16)
FN:89,(anonymous_17)
FN:89,(anonymous_18)
FN:102,(anonymous_19)
FN:102,(anonymous_20)
FNF:14
FNH:4
FNDA:1,(anonymous_7)
FNDA:1,(anonymous_8)
FNDA:5,(anonymous_9)
FNDA:5,(anonymous_10)
FNDA:0,(anonymous_11)
FNDA:0,(anonymous_12)
FNDA:0,(anonymous_13)
FNDA:0,(anonymous_14)
FNDA:0,(anonymous_15)
FNDA:0,(anonymous_16)
FNDA:0,(anonymous_17)
FNDA:0,(anonymous_18)
FNDA:0,(anonymous_19)
FNDA:0,(anonymous_20)
DA:2,5
DA:3,5
DA:5,5
DA:7,5
DA:8,1
DA:9,0
DA:12,5
DA:13,5
DA:15,5
DA:16,0
DA:19,5
DA:20,5
DA:21,0
DA:26,5
DA:27,5
DA:31,5
DA:32,0
DA:33,0
DA:35,0
DA:36,0
DA:37,0
DA:40,0
DA:42,0
DA:43,0
DA:47,5
DA:48,0
DA:49,0
DA:50,0
DA:52,0
DA:53,0
DA:54,0
DA:57,0
DA:59,0
DA:61,0
DA:62,0
DA:66,5
DA:67,0
DA:68,0
DA:70,0
DA:71,0
DA:72,0
DA:75,0
DA:76,0
DA:77,0
DA:80,0
DA:82,0
DA:84,0
DA:85,0
DA:89,5
DA:90,0
DA:99,0
DA:102,5
DA:103,0
DA:104,0
DA:106,0
DA:110,0
DA:111,0
DA:114,0
DA:116,0
DA:118,0
DA:119,0
LF:61
LH:17
BRDA:15,0,0,0
BRDA:15,1,0,5
BRDA:15,1,1,5
BRDA:15,1,2,5
BRDA:15,1,3,5
BRDA:36,2,0,0
BRDA:53,3,0,0
BRDA:71,4,0,0
BRDA:76,5,0,0
BRDA:110,6,0,0
BRF:10
BRH:4
end_of_record
TN:
SF:src\controllers\PresencaController.ts
FN:7,(anonymous_7)
FN:7,(anonymous_8)
FN:12,(anonymous_9)
FN:12,(anonymous_10)
FN:31,(anonymous_11)
FN:31,(anonymous_12)
FN:47,(anonymous_13)
FN:47,(anonymous_14)
FN:66,(anonymous_15)
FN:66,(anonymous_16)
FN:84,(anonymous_17)
FN:84,(anonymous_18)
FN:97,(anonymous_19)
FN:97,(anonymous_20)
FNF:14
FNH:4
FNDA:1,(anonymous_7)
FNDA:1,(anonymous_8)
FNDA:5,(anonymous_9)
FNDA:5,(anonymous_10)
FNDA:0,(anonymous_11)
FNDA:0,(anonymous_12)
FNDA:0,(anonymous_13)
FNDA:0,(anonymous_14)
FNDA:0,(anonymous_15)
FNDA:0,(anonymous_16)
FNDA:0,(anonymous_17)
FNDA:0,(anonymous_18)
FNDA:0,(anonymous_19)
FNDA:0,(anonymous_20)
DA:2,5
DA:3,5
DA:7,5
DA:8,1
DA:9,0
DA:12,5
DA:13,5
DA:15,5
DA:16,0
DA:19,5
DA:20,5
DA:21,0
DA:26,5
DA:27,5
DA:31,5
DA:32,0
DA:33,0
DA:35,0
DA:36,0
DA:37,0
DA:40,0
DA:42,0
DA:43,0
DA:47,5
DA:48,0
DA:49,0
DA:50,0
DA:52,0
DA:53,0
DA:54,0
DA:57,0
DA:59,0
DA:61,0
DA:62,0
DA:66,5
DA:67,0
DA:68,0
DA:70,0
DA:71,0
DA:72,0
DA:75,0
DA:77,0
DA:79,0
DA:80,0
DA:84,5
DA:85,0
DA:94,0
DA:97,5
DA:98,0
DA:99,0
DA:101,0
DA:105,0
DA:106,0
DA:109,0
DA:111,0
DA:113,0
DA:114,0
LF:57
LH:16
BRDA:15,0,0,0
BRDA:15,1,0,5
BRDA:15,1,1,5
BRDA:15,1,2,5
BRDA:15,1,3,5
BRDA:36,2,0,0
BRDA:53,3,0,0
BRDA:71,4,0,0
BRDA:105,5,0,0
BRF:9
BRH:4
end_of_record
TN:
SF:src\controllers\ProfessorController.ts
FN:9,(anonymous_8)
FN:9,(anonymous_9)
FN:14,(anonymous_10)
FN:14,(anonymous_11)
FN:35,(anonymous_12)
FN:35,(anonymous_13)
FN:52,(anonymous_14)
FN:52,(anonymous_15)
FN:80,(anonymous_16)
FN:80,(anonymous_17)
FN:117,(anonymous_18)
FN:120,(anonymous_19)
FN:138,(anonymous_20)
FN:138,(anonymous_21)
FN:162,(anonymous_22)
FN:162,(anonymous_23)
FN:182,(anonymous_24)
FN:185,(anonymous_25)
FNF:18
FNH:14
FNDA:1,(anonymous_8)
FNDA:1,(anonymous_9)
FNDA:6,(anonymous_10)
FNDA:6,(anonymous_11)
FNDA:0,(anonymous_12)
FNDA:0,(anonymous_13)
FNDA:1,(anonymous_14)
FNDA:1,(anonymous_15)
FNDA:3,(anonymous_16)
FNDA:3,(anonymous_17)
FNDA:1,(anonymous_18)
FNDA:1,(anonymous_19)
FNDA:1,(anonymous_20)
FNDA:1,(anonymous_21)
FNDA:5,(anonymous_22)
FNDA:5,(anonymous_23)
FNDA:0,(anonymous_24)
FNDA:0,(anonymous_25)
DA:2,5
DA:3,5
DA:4,5
DA:5,5
DA:7,5
DA:9,5
DA:10,1
DA:11,1
DA:14,6
DA:15,6
DA:17,6
DA:18,6
DA:24,6
DA:29,0
DA:30,0
DA:35,5
DA:36,0
DA:37,0
DA:39,0
DA:40,0
DA:41,0
DA:44,0
DA:46,0
DA:47,0
DA:52,5
DA:53,1
DA:54,1
DA:55,1
DA:57,1
DA:58,1
DA:60,1
DA:61,0
DA:64,1
DA:68,1
DA:75,0
DA:76,0
DA:80,5
DA:81,3
DA:82,3
DA:84,3
DA:85,3
DA:87,3
DA:88,0
DA:91,3
DA:95,0
DA:96,0
DA:104,0
DA:105,0
DA:112,3
DA:113,3
DA:117,5
DA:120,1
DA:121,1
DA:122,1
DA:131,1
DA:133,0
DA:134,0
DA:138,5
DA:139,1
DA:140,1
DA:142,1
DA:143,1
DA:145,1
DA:146,1
DA:149,1
DA:150,1
DA:157,1
DA:158,1
DA:162,5
DA:163,5
DA:164,5
DA:168,5
DA:169,4
DA:174,1
DA:177,0
DA:178,0
DA:182,5
DA:185,0
DA:186,0
DA:188,0
DA:189,0
DA:191,0
DA:192,0
DA:193,0
DA:196,0
DA:197,0
DA:198,0
DA:200,0
DA:201,0
DA:202,0
DA:207,0
DA:209,0
DA:216,0
DA:217,0
DA:219,0
DA:220,0
DA:225,0
DA:226,0
LF:98
LH:55
BRDA:7,0,0,5
BRDA:7,0,1,5
BRDA:40,1,0,0
BRDA:58,2,0,0
BRDA:58,2,1,1
BRDA:58,3,0,1
BRDA:58,3,1,1
BRDA:60,4,0,0
BRDA:64,5,0,0
BRDA:64,5,1,1
BRDA:64,6,0,1
BRDA:64,6,1,1
BRDA:85,7,0,0
BRDA:85,7,1,3
BRDA:85,8,0,3
BRDA:85,8,1,3
BRDA:87,9,0,0
BRDA:92,10,0,0
BRDA:92,10,1,3
BRDA:92,11,0,3
BRDA:92,11,1,3
BRDA:95,12,0,0
BRDA:104,13,0,0
BRDA:104,13,1,0
BRDA:104,14,0,0
BRDA:104,14,1,0
BRDA:143,15,0,0
BRDA:143,15,1,1
BRDA:143,16,0,1
BRDA:143,16,1,1
BRDA:145,17,0,1
BRDA:149,18,0,1
BRDA:149,18,1,0
BRDA:149,19,0,1
BRDA:149,19,1,1
BRDA:168,20,0,4
BRDA:168,20,1,1
BRDA:191,21,0,0
BRDA:191,22,0,0
BRDA:191,22,1,0
BRDA:200,23,0,0
BRF:41
BRH:23
end_of_record
TN:
SF:src\controllers\TurmaController.ts
FN:7,(anonymous_7)
FN:7,(anonymous_8)
FN:12,(anonymous_9)
FN:12,(anonymous_10)
FN:30,(anonymous_11)
FN:30,(anonymous_12)
FN:46,(anonymous_13)
FN:46,(anonymous_14)
FN:65,(anonymous_15)
FN:65,(anonymous_16)
FN:88,(anonymous_17)
FN:88,(anonymous_18)
FN:101,(anonymous_19)
FN:101,(anonymous_20)
FNF:14
FNH:0
FNDA:0,(anonymous_7)
FNDA:0,(anonymous_8)
FNDA:0,(anonymous_9)
FNDA:0,(anonymous_10)
FNDA:0,(anonymous_11)
FNDA:0,(anonymous_12)
FNDA:0,(anonymous_13)
FNDA:0,(anonymous_14)
FNDA:0,(anonymous_15)
FNDA:0,(anonymous_16)
FNDA:0,(anonymous_17)
FNDA:0,(anonymous_18)
FNDA:0,(anonymous_19)
FNDA:0,(anonymous_20)
DA:2,5
DA:3,5
DA:5,5
DA:7,5
DA:8,0
DA:9,0
DA:12,5
DA:13,0
DA:15,0
DA:16,0
DA:17,0
DA:18,0
DA:21,0
DA:22,0
DA:27,0
DA:30,5
DA:31,0
DA:32,0
DA:34,0
DA:35,0
DA:36,0
DA:39,0
DA:41,0
DA:42,0
DA:46,5
DA:47,0
DA:48,0
DA:49,0
DA:51,0
DA:52,0
DA:53,0
DA:56,0
DA:58,0
DA:60,0
DA:61,0
DA:65,5
DA:66,0
DA:67,0
DA:69,0
DA:70,0
DA:71,0
DA:74,0
DA:75,0
DA:76,0
DA:79,0
DA:81,0
DA:83,0
DA:84,0
DA:88,5
DA:89,0
DA:98,0
DA:101,5
DA:102,0
DA:103,0
DA:105,0
DA:109,0
DA:110,0
DA:113,0
DA:115,0
DA:117,0
DA:118,0
LF:61
LH:10
BRDA:15,0,0,0
BRDA:15,1,0,0
BRDA:15,1,1,0
BRDA:17,2,0,0
BRDA:35,3,0,0
BRDA:52,4,0,0
BRDA:70,5,0,0
BRDA:75,6,0,0
BRDA:109,7,0,0
BRF:9
BRH:0
end_of_record
TN:
SF:src\controllers\apiController.ts
FN:12,(anonymous_8)
FN:12,(anonymous_9)
FNF:2
FNH:0
FNDA:0,(anonymous_8)
FNDA:0,(anonymous_9)
DA:2,5
DA:4,5
DA:12,5
DA:13,0
DA:19,0
DA:21,0
LF:6
LH:3
BRDA:4,0,0,5
BRDA:4,0,1,5
BRF:2
BRH:2
end_of_record
TN:
SF:src\instances\mysql.ts
FN:17,(anonymous_8)
FN:17,(anonymous_9)
FNF:2
FNH:2
FNDA:5,(anonymous_8)
FNDA:5,(anonymous_9)
DA:1,5
DA:2,5
DA:4,5
DA:6,5
DA:17,5
DA:18,5
DA:19,5
DA:20,5
DA:22,0
LF:9
LH:8
BRF:0
BRH:0
end_of_record
TN:
SF:src\models\Aluno.ts
FNF:0
FNH:0
DA:1,5
DA:2,5
DA:3,5
DA:5,5
DA:14,5
LF:5
LH:5
BRF:0
BRH:0
end_of_record
TN:
SF:src\models\AlunoDisciplina.ts
FNF:0
FNH:0
DA:1,5
DA:2,5
DA:3,5
DA:4,5
DA:6,5
DA:11,5
LF:6
LH:6
BRF:0
BRH:0
end_of_record
TN:
SF:src\models\AlunoTurma.ts
FNF:0
FNH:0
DA:1,5
DA:2,5
DA:3,5
DA:4,5
DA:6,5
DA:11,5
LF:6
LH:6
BRF:0
BRH:0
end_of_record
TN:
SF:src\models\Curso.ts
FNF:0
FNH:0
DA:1,5
DA:2,5
DA:4,5
DA:10,5
LF:4
LH:4
BRF:0
BRH:0
end_of_record
TN:
SF:src\models\Disciplina.ts
FNF:0
FNH:0
DA:1,5
DA:2,5
DA:3,5
DA:5,5
DA:11,5
LF:5
LH:5
BRF:0
BRH:0
end_of_record
TN:
SF:src\models\Nota.ts
FNF:0
FNH:0
DA:1,5
DA:2,5
DA:3,5
DA:4,5
DA:6,5
DA:14,5
LF:6
LH:6
BRF:0
BRH:0
end_of_record
TN:
SF:src\models\Presenca.ts
FNF:0
FNH:0
DA:1,5
DA:2,5
DA:3,5
DA:4,5
DA:6,5
DA:14,5
LF:6
LH:6
BRF:0
BRH:0
end_of_record
TN:
SF:src\models\Professor.ts
FNF:0
FNH:0
DA:1,5
DA:2,5
DA:4,5
DA:12,5
LF:4
LH:4
BRF:0
BRH:0
end_of_record
TN:
SF:src\models\Turma.ts
FNF:0
FNH:0
DA:1,5
DA:2,5
DA:3,5
DA:5,5
DA:12,5
LF:5
LH:5
BRF:0
BRH:0
end_of_record
TN:
SF:src\models\associations.ts
FNF:0
FNH:0
DA:1,5
DA:2,5
DA:3,5
DA:4,5
DA:5,5
DA:6,5
DA:7,5
DA:8,5
DA:9,5
DA:12,5
DA:18,5
DA:24,5
DA:30,5
DA:35,5
DA:42,5
DA:62,5
DA:67,5
DA:73,5
DA:78,5
DA:84,5
DA:89,5
DA:95,5
DA:100,5
DA:106,5
DA:111,5
DA:117,5
DA:122,5
LF:27
LH:27
BRF:0
BRH:0
end_of_record
TN:
SF:src\routes\routes.ts
FNF:0
FNH:0
DA:1,5
DA:3,5
DA:5,5
DA:17,5
DA:18,5
DA:19,5
DA:20,5
DA:21,5
DA:22,5
DA:23,5
DA:26,5
DA:35,5
DA:36,5
DA:37,5
DA:38,5
DA:39,5
DA:42,5
DA:48,5
DA:49,5
DA:51,5
DA:57,5
DA:58,5
DA:63,5
DA:74,5
DA:75,5
DA:76,5
DA:77,5
DA:78,5
DA:79,5
DA:80,5
DA:83,5
DA:94,5
DA:95,5
DA:96,5
DA:97,5
DA:98,5
DA:99,5
DA:100,5
DA:103,5
DA:114,5
DA:115,5
DA:116,5
DA:117,5
DA:118,5
DA:119,5
DA:120,5
DA:123,5
DA:134,5
DA:135,5
DA:136,5
DA:137,5
DA:138,5
DA:139,5
DA:140,5
DA:143,5
DA:154,5
DA:155,5
DA:156,5
DA:157,5
DA:158,5
DA:159,5
DA:160,5
DA:163,5
DA:165,5
DA:167,5
LF:65
LH:65
BRF:0
BRH:0
end_of_record
